11:49:04 INFO  : Launching XSCT server: xsct.bat -n  -interactive C:\Users\Stanc\Documents\Final_proj\software\temp_xsdb_launch_script.tcl
11:49:04 INFO  : Platform repository initialization has completed.
11:49:04 INFO  : Registering command handlers for Vitis TCF services
11:49:06 INFO  : XSCT server has started successfully.
11:49:06 INFO  : plnx-install-location is set to ''
11:49:06 INFO  : Successfully done setting XSCT server connection channel  
11:49:06 INFO  : Successfully done query RDI_DATADIR 
11:49:06 INFO  : Successfully done setting workspace for the tool. 
11:52:14 INFO  : Result from executing command 'getProjects': design_1_wrapper
11:52:14 INFO  : Result from executing command 'getPlatforms': 
11:52:14 WARN  : An unexpected exception occurred in the module 'platform project logging'
11:52:14 INFO  : Platform 'design_1_wrapper' is added to custom repositories.
11:52:25 INFO  : Platform 'design_1_wrapper' is added to custom repositories.
12:04:37 INFO  : Result from executing command 'getProjects': design_1_wrapper
12:04:37 INFO  : Result from executing command 'getPlatforms': design_1_wrapper|C:/Users/Stanc/Documents/Final_proj/software/design_1_wrapper/export/design_1_wrapper/design_1_wrapper.xpfm
12:04:37 INFO  : Checking for BSP changes to sync application flags for project 'img_process'...
12:08:14 INFO  : Checking for BSP changes to sync application flags for project 'img_process'...
12:08:28 INFO  : Checking for BSP changes to sync application flags for project 'img_process'...
12:16:33 INFO  : Checking for BSP changes to sync application flags for project 'img_process'...
12:17:33 INFO  : Connected to target on host '127.0.0.1' and port '3121'.
12:17:33 INFO  : Jtag cable 'Digilent Zybo Z7 210351B3FE7AA' is selected.
12:17:33 INFO  : 'jtag frequency' command is executed.
12:17:33 INFO  : Context for 'APU' is selected.
12:17:33 INFO  : System reset is completed.
12:17:36 INFO  : 'after 3000' command is executed.
12:17:37 INFO  : 'targets -set -filter {jtag_cable_name =~ "Digilent Zybo Z7 210351B3FE7AA" && level==0 && jtag_device_ctx=="jsn-Zybo Z7-210351B3FE7AA-13722093-0"}' command is executed.
12:17:38 INFO  : Device configured successfully with "C:/Users/Stanc/Documents/Final_proj/software/img_process/_ide/bitstream/design_1_wrapper.bit"
12:17:38 INFO  : Context for 'APU' is selected.
12:17:38 INFO  : Hardware design and registers information is loaded from 'C:/Users/Stanc/Documents/Final_proj/software/design_1_wrapper/export/design_1_wrapper/hw/design_1_wrapper.xsa'.
12:17:38 INFO  : 'configparams force-mem-access 1' command is executed.
12:17:38 INFO  : Context for 'APU' is selected.
12:17:38 INFO  : Sourcing of 'C:/Users/Stanc/Documents/Final_proj/software/img_process/_ide/psinit/ps7_init.tcl' is done.
12:17:39 INFO  : 'ps7_init' command is executed.
12:17:39 INFO  : 'ps7_post_config' command is executed.
12:17:39 INFO  : Context for processor 'ps7_cortexa9_0' is selected.
12:17:39 INFO  : The application 'C:/Users/Stanc/Documents/Final_proj/software/img_process/Debug/img_process.elf' is downloaded to processor 'ps7_cortexa9_0'.
12:17:39 INFO  : 'configparams force-mem-access 0' command is executed.
12:17:39 INFO  : ----------------XSDB Script----------------
connect -url tcp:127.0.0.1:3121
targets -set -nocase -filter {name =~"APU*"}
rst -system
after 3000
targets -set -filter {jtag_cable_name =~ "Digilent Zybo Z7 210351B3FE7AA" && level==0 && jtag_device_ctx=="jsn-Zybo Z7-210351B3FE7AA-13722093-0"}
fpga -file C:/Users/Stanc/Documents/Final_proj/software/img_process/_ide/bitstream/design_1_wrapper.bit
targets -set -nocase -filter {name =~"APU*"}
loadhw -hw C:/Users/Stanc/Documents/Final_proj/software/design_1_wrapper/export/design_1_wrapper/hw/design_1_wrapper.xsa -mem-ranges [list {0x40000000 0xbfffffff}] -regs
configparams force-mem-access 1
targets -set -nocase -filter {name =~"APU*"}
source C:/Users/Stanc/Documents/Final_proj/software/img_process/_ide/psinit/ps7_init.tcl
ps7_init
ps7_post_config
targets -set -nocase -filter {name =~ "*A9*#0"}
dow C:/Users/Stanc/Documents/Final_proj/software/img_process/Debug/img_process.elf
configparams force-mem-access 0
----------------End of Script----------------

12:17:39 INFO  : Context for processor 'ps7_cortexa9_0' is selected.
12:17:39 INFO  : 'con' command is executed.
12:17:39 INFO  : ----------------XSDB Script (After Launch)----------------
targets -set -nocase -filter {name =~ "*A9*#0"}
con
----------------End of Script----------------

12:17:39 INFO  : Launch script is exported to file 'C:\Users\Stanc\Documents\Final_proj\software\img_process_system\_ide\scripts\debugger_img_process-default.tcl'
12:45:48 INFO  : Checking for BSP changes to sync application flags for project 'img_process'...
12:47:08 INFO  : Checking for BSP changes to sync application flags for project 'img_process'...
12:47:56 INFO  : Checking for BSP changes to sync application flags for project 'img_process'...
12:48:49 INFO  : Disconnected from the channel tcfchan#3.
12:48:50 INFO  : Connected to target on host '127.0.0.1' and port '3121'.
12:48:51 INFO  : Jtag cable 'Digilent Zybo Z7 210351B3FE7AA' is selected.
12:48:51 INFO  : 'jtag frequency' command is executed.
12:48:51 INFO  : Context for 'APU' is selected.
12:48:51 INFO  : System reset is completed.
12:48:54 INFO  : 'after 3000' command is executed.
12:48:54 INFO  : 'targets -set -filter {jtag_cable_name =~ "Digilent Zybo Z7 210351B3FE7AA" && level==0 && jtag_device_ctx=="jsn-Zybo Z7-210351B3FE7AA-13722093-0"}' command is executed.
12:48:55 INFO  : Device configured successfully with "C:/Users/Stanc/Documents/Final_proj/software/img_process/_ide/bitstream/design_1_wrapper.bit"
12:48:55 INFO  : Context for 'APU' is selected.
12:48:55 INFO  : Hardware design and registers information is loaded from 'C:/Users/Stanc/Documents/Final_proj/software/design_1_wrapper/export/design_1_wrapper/hw/design_1_wrapper.xsa'.
12:48:55 INFO  : 'configparams force-mem-access 1' command is executed.
12:48:55 INFO  : Context for 'APU' is selected.
12:48:55 INFO  : Sourcing of 'C:/Users/Stanc/Documents/Final_proj/software/img_process/_ide/psinit/ps7_init.tcl' is done.
12:48:56 INFO  : 'ps7_init' command is executed.
12:48:56 INFO  : 'ps7_post_config' command is executed.
12:48:56 INFO  : Context for processor 'ps7_cortexa9_0' is selected.
12:48:56 INFO  : The application 'C:/Users/Stanc/Documents/Final_proj/software/img_process/Debug/img_process.elf' is downloaded to processor 'ps7_cortexa9_0'.
12:48:56 INFO  : 'configparams force-mem-access 0' command is executed.
12:48:56 INFO  : ----------------XSDB Script----------------
connect -url tcp:127.0.0.1:3121
targets -set -nocase -filter {name =~"APU*"}
rst -system
after 3000
targets -set -filter {jtag_cable_name =~ "Digilent Zybo Z7 210351B3FE7AA" && level==0 && jtag_device_ctx=="jsn-Zybo Z7-210351B3FE7AA-13722093-0"}
fpga -file C:/Users/Stanc/Documents/Final_proj/software/img_process/_ide/bitstream/design_1_wrapper.bit
targets -set -nocase -filter {name =~"APU*"}
loadhw -hw C:/Users/Stanc/Documents/Final_proj/software/design_1_wrapper/export/design_1_wrapper/hw/design_1_wrapper.xsa -mem-ranges [list {0x40000000 0xbfffffff}] -regs
configparams force-mem-access 1
targets -set -nocase -filter {name =~"APU*"}
source C:/Users/Stanc/Documents/Final_proj/software/img_process/_ide/psinit/ps7_init.tcl
ps7_init
ps7_post_config
targets -set -nocase -filter {name =~ "*A9*#0"}
dow C:/Users/Stanc/Documents/Final_proj/software/img_process/Debug/img_process.elf
configparams force-mem-access 0
----------------End of Script----------------

12:48:56 INFO  : Context for processor 'ps7_cortexa9_0' is selected.
12:48:56 INFO  : 'con' command is executed.
12:48:56 INFO  : ----------------XSDB Script (After Launch)----------------
targets -set -nocase -filter {name =~ "*A9*#0"}
con
----------------End of Script----------------

12:48:56 INFO  : Launch script is exported to file 'C:\Users\Stanc\Documents\Final_proj\software\img_process_system\_ide\scripts\debugger_img_process-default.tcl'
13:02:24 INFO  : Checking for BSP changes to sync application flags for project 'img_process'...
13:02:46 INFO  : Disconnected from the channel tcfchan#7.
13:02:47 INFO  : Connected to target on host '127.0.0.1' and port '3121'.
13:03:05 INFO  : ----------------XSDB Script----------------
connect -url tcp:127.0.0.1:3121
----------------End of Script----------------

13:03:05 ERROR : Could not find ARM device on the board for connection 'Local'.
Check if the target is in:
1. Split JTAG - No operations are possible with ARM DAP.
2. Non JTAG bootmode - Bootrom may need time to enable DAP.
Please try again.


Troubleshooting hints:
1. Check whether board is connected to system properly.
2. In case of zynq board, check whether Digilent/Xilinx cable switch settings are correct.
3. If you are using Xilinx Platform Cable USB, ensure that status LED is green.
13:03:36 INFO  : Connected to target on host '127.0.0.1' and port '3121'.
13:03:36 INFO  : Jtag cable 'Digilent Zybo Z7 210351B3FE7AA' is selected.
13:03:36 INFO  : 'jtag frequency' command is executed.
13:03:37 INFO  : Context for 'APU' is selected.
13:03:37 INFO  : System reset is completed.
13:03:40 INFO  : 'after 3000' command is executed.
13:03:40 INFO  : 'targets -set -filter {jtag_cable_name =~ "Digilent Zybo Z7 210351B3FE7AA" && level==0 && jtag_device_ctx=="jsn-Zybo Z7-210351B3FE7AA-13722093-0"}' command is executed.
13:03:41 INFO  : Device configured successfully with "C:/Users/Stanc/Documents/Final_proj/software/img_process/_ide/bitstream/design_1_wrapper.bit"
13:03:41 INFO  : Context for 'APU' is selected.
13:03:41 INFO  : Hardware design and registers information is loaded from 'C:/Users/Stanc/Documents/Final_proj/software/design_1_wrapper/export/design_1_wrapper/hw/design_1_wrapper.xsa'.
13:03:41 INFO  : 'configparams force-mem-access 1' command is executed.
13:03:41 INFO  : Context for 'APU' is selected.
13:03:41 INFO  : Sourcing of 'C:/Users/Stanc/Documents/Final_proj/software/img_process/_ide/psinit/ps7_init.tcl' is done.
13:03:41 INFO  : 'ps7_init' command is executed.
13:03:41 INFO  : 'ps7_post_config' command is executed.
13:03:41 INFO  : Context for processor 'ps7_cortexa9_0' is selected.
13:03:42 INFO  : The application 'C:/Users/Stanc/Documents/Final_proj/software/img_process/Debug/img_process.elf' is downloaded to processor 'ps7_cortexa9_0'.
13:03:42 INFO  : 'configparams force-mem-access 0' command is executed.
13:03:42 INFO  : ----------------XSDB Script----------------
connect -url tcp:127.0.0.1:3121
targets -set -nocase -filter {name =~"APU*"}
rst -system
after 3000
targets -set -filter {jtag_cable_name =~ "Digilent Zybo Z7 210351B3FE7AA" && level==0 && jtag_device_ctx=="jsn-Zybo Z7-210351B3FE7AA-13722093-0"}
fpga -file C:/Users/Stanc/Documents/Final_proj/software/img_process/_ide/bitstream/design_1_wrapper.bit
targets -set -nocase -filter {name =~"APU*"}
loadhw -hw C:/Users/Stanc/Documents/Final_proj/software/design_1_wrapper/export/design_1_wrapper/hw/design_1_wrapper.xsa -mem-ranges [list {0x40000000 0xbfffffff}] -regs
configparams force-mem-access 1
targets -set -nocase -filter {name =~"APU*"}
source C:/Users/Stanc/Documents/Final_proj/software/img_process/_ide/psinit/ps7_init.tcl
ps7_init
ps7_post_config
targets -set -nocase -filter {name =~ "*A9*#0"}
dow C:/Users/Stanc/Documents/Final_proj/software/img_process/Debug/img_process.elf
configparams force-mem-access 0
----------------End of Script----------------

13:03:42 INFO  : Context for processor 'ps7_cortexa9_0' is selected.
13:03:42 INFO  : 'con' command is executed.
13:03:42 INFO  : ----------------XSDB Script (After Launch)----------------
targets -set -nocase -filter {name =~ "*A9*#0"}
con
----------------End of Script----------------

13:03:42 INFO  : Launch script is exported to file 'C:\Users\Stanc\Documents\Final_proj\software\img_process_system\_ide\scripts\debugger_img_process-default.tcl'
13:06:00 INFO  : Checking for BSP changes to sync application flags for project 'img_process'...
13:06:31 INFO  : Disconnected from the channel tcfchan#9.
13:06:32 INFO  : Connected to target on host '127.0.0.1' and port '3121'.
13:06:32 INFO  : Jtag cable 'Digilent Zybo Z7 210351B3FE7AA' is selected.
13:06:32 INFO  : 'jtag frequency' command is executed.
13:06:32 INFO  : Context for 'APU' is selected.
13:06:32 INFO  : System reset is completed.
13:06:35 INFO  : 'after 3000' command is executed.
13:06:35 INFO  : 'targets -set -filter {jtag_cable_name =~ "Digilent Zybo Z7 210351B3FE7AA" && level==0 && jtag_device_ctx=="jsn-Zybo Z7-210351B3FE7AA-13722093-0"}' command is executed.
13:06:36 INFO  : Device configured successfully with "C:/Users/Stanc/Documents/Final_proj/software/img_process/_ide/bitstream/design_1_wrapper.bit"
13:06:36 INFO  : Context for 'APU' is selected.
13:06:37 INFO  : Hardware design and registers information is loaded from 'C:/Users/Stanc/Documents/Final_proj/software/design_1_wrapper/export/design_1_wrapper/hw/design_1_wrapper.xsa'.
13:06:37 INFO  : 'configparams force-mem-access 1' command is executed.
13:06:37 INFO  : Context for 'APU' is selected.
13:06:37 INFO  : Sourcing of 'C:/Users/Stanc/Documents/Final_proj/software/img_process/_ide/psinit/ps7_init.tcl' is done.
13:06:37 INFO  : 'ps7_init' command is executed.
13:06:37 INFO  : 'ps7_post_config' command is executed.
13:06:37 INFO  : Context for processor 'ps7_cortexa9_0' is selected.
13:06:37 INFO  : The application 'C:/Users/Stanc/Documents/Final_proj/software/img_process/Debug/img_process.elf' is downloaded to processor 'ps7_cortexa9_0'.
13:06:37 INFO  : 'configparams force-mem-access 0' command is executed.
13:06:37 INFO  : ----------------XSDB Script----------------
connect -url tcp:127.0.0.1:3121
targets -set -nocase -filter {name =~"APU*"}
rst -system
after 3000
targets -set -filter {jtag_cable_name =~ "Digilent Zybo Z7 210351B3FE7AA" && level==0 && jtag_device_ctx=="jsn-Zybo Z7-210351B3FE7AA-13722093-0"}
fpga -file C:/Users/Stanc/Documents/Final_proj/software/img_process/_ide/bitstream/design_1_wrapper.bit
targets -set -nocase -filter {name =~"APU*"}
loadhw -hw C:/Users/Stanc/Documents/Final_proj/software/design_1_wrapper/export/design_1_wrapper/hw/design_1_wrapper.xsa -mem-ranges [list {0x40000000 0xbfffffff}] -regs
configparams force-mem-access 1
targets -set -nocase -filter {name =~"APU*"}
source C:/Users/Stanc/Documents/Final_proj/software/img_process/_ide/psinit/ps7_init.tcl
ps7_init
ps7_post_config
targets -set -nocase -filter {name =~ "*A9*#0"}
dow C:/Users/Stanc/Documents/Final_proj/software/img_process/Debug/img_process.elf
configparams force-mem-access 0
----------------End of Script----------------

13:06:38 INFO  : Context for processor 'ps7_cortexa9_0' is selected.
13:06:38 INFO  : 'con' command is executed.
13:06:38 INFO  : ----------------XSDB Script (After Launch)----------------
targets -set -nocase -filter {name =~ "*A9*#0"}
con
----------------End of Script----------------

13:06:38 INFO  : Launch script is exported to file 'C:\Users\Stanc\Documents\Final_proj\software\img_process_system\_ide\scripts\debugger_img_process-default.tcl'
13:08:44 INFO  : Result from executing command 'removePlatformRepo': 
13:20:12 INFO  : Result from executing command 'getProjects': design_1_wrapper
13:20:12 INFO  : Result from executing command 'getPlatforms': 
13:20:12 INFO  : Checking for BSP changes to sync application flags for project 'img_process'...
13:20:42 INFO  : Checking for BSP changes to sync application flags for project 'img_process'...
13:21:12 INFO  : Disconnected from the channel tcfchan#11.
13:21:13 INFO  : Connected to target on host '127.0.0.1' and port '3121'.
13:21:13 INFO  : Jtag cable 'Digilent Zybo Z7 210351B3FE7AA' is selected.
13:21:13 INFO  : 'jtag frequency' command is executed.
13:21:13 INFO  : Context for 'APU' is selected.
13:21:13 INFO  : System reset is completed.
13:21:16 INFO  : 'after 3000' command is executed.
13:21:16 INFO  : 'targets -set -filter {jtag_cable_name =~ "Digilent Zybo Z7 210351B3FE7AA" && level==0 && jtag_device_ctx=="jsn-Zybo Z7-210351B3FE7AA-13722093-0"}' command is executed.
13:21:17 INFO  : Device configured successfully with "C:/Users/Stanc/Documents/Final_proj/software/img_process/_ide/bitstream/design_1_wrapper.bit"
13:21:17 INFO  : Context for 'APU' is selected.
13:21:17 INFO  : Hardware design and registers information is loaded from 'C:/Users/Stanc/Documents/Final_proj/software/design_1_wrapper/export/design_1_wrapper/hw/design_1_wrapper.xsa'.
13:21:17 INFO  : 'configparams force-mem-access 1' command is executed.
13:21:17 INFO  : Context for 'APU' is selected.
13:21:17 INFO  : Sourcing of 'C:/Users/Stanc/Documents/Final_proj/software/img_process/_ide/psinit/ps7_init.tcl' is done.
13:21:18 INFO  : 'ps7_init' command is executed.
13:21:18 INFO  : 'ps7_post_config' command is executed.
13:21:18 INFO  : Context for processor 'ps7_cortexa9_0' is selected.
13:21:18 INFO  : The application 'C:/Users/Stanc/Documents/Final_proj/software/img_process/Debug/img_process.elf' is downloaded to processor 'ps7_cortexa9_0'.
13:21:18 INFO  : 'configparams force-mem-access 0' command is executed.
13:21:18 INFO  : ----------------XSDB Script----------------
connect -url tcp:127.0.0.1:3121
targets -set -nocase -filter {name =~"APU*"}
rst -system
after 3000
targets -set -filter {jtag_cable_name =~ "Digilent Zybo Z7 210351B3FE7AA" && level==0 && jtag_device_ctx=="jsn-Zybo Z7-210351B3FE7AA-13722093-0"}
fpga -file C:/Users/Stanc/Documents/Final_proj/software/img_process/_ide/bitstream/design_1_wrapper.bit
targets -set -nocase -filter {name =~"APU*"}
loadhw -hw C:/Users/Stanc/Documents/Final_proj/software/design_1_wrapper/export/design_1_wrapper/hw/design_1_wrapper.xsa -mem-ranges [list {0x40000000 0xbfffffff}] -regs
configparams force-mem-access 1
targets -set -nocase -filter {name =~"APU*"}
source C:/Users/Stanc/Documents/Final_proj/software/img_process/_ide/psinit/ps7_init.tcl
ps7_init
ps7_post_config
targets -set -nocase -filter {name =~ "*A9*#0"}
dow C:/Users/Stanc/Documents/Final_proj/software/img_process/Debug/img_process.elf
configparams force-mem-access 0
----------------End of Script----------------

13:21:18 INFO  : Context for processor 'ps7_cortexa9_0' is selected.
13:21:19 INFO  : 'con' command is executed.
13:21:19 INFO  : ----------------XSDB Script (After Launch)----------------
targets -set -nocase -filter {name =~ "*A9*#0"}
con
----------------End of Script----------------

13:21:19 INFO  : Launch script is exported to file 'C:\Users\Stanc\Documents\Final_proj\software\img_process_system\_ide\scripts\debugger_img_process-default.tcl'
13:25:20 INFO  : Checking for BSP changes to sync application flags for project 'img_process'...
13:25:44 INFO  : Disconnected from the channel tcfchan#15.
13:25:45 INFO  : Connected to target on host '127.0.0.1' and port '3121'.
13:25:46 INFO  : Jtag cable 'Digilent Zybo Z7 210351B3FE7AA' is selected.
13:25:46 INFO  : 'jtag frequency' command is executed.
13:25:46 INFO  : Context for 'APU' is selected.
13:25:46 INFO  : System reset is completed.
13:25:49 INFO  : 'after 3000' command is executed.
13:25:49 INFO  : 'targets -set -filter {jtag_cable_name =~ "Digilent Zybo Z7 210351B3FE7AA" && level==0 && jtag_device_ctx=="jsn-Zybo Z7-210351B3FE7AA-13722093-0"}' command is executed.
13:25:50 INFO  : Device configured successfully with "C:/Users/Stanc/Documents/Final_proj/software/img_process/_ide/bitstream/design_1_wrapper.bit"
13:25:50 INFO  : Context for 'APU' is selected.
13:25:50 INFO  : Hardware design and registers information is loaded from 'C:/Users/Stanc/Documents/Final_proj/software/design_1_wrapper/export/design_1_wrapper/hw/design_1_wrapper.xsa'.
13:25:50 INFO  : 'configparams force-mem-access 1' command is executed.
13:25:50 INFO  : Context for 'APU' is selected.
13:25:50 INFO  : Sourcing of 'C:/Users/Stanc/Documents/Final_proj/software/img_process/_ide/psinit/ps7_init.tcl' is done.
13:25:51 INFO  : 'ps7_init' command is executed.
13:25:51 INFO  : 'ps7_post_config' command is executed.
13:25:51 INFO  : Context for processor 'ps7_cortexa9_0' is selected.
13:25:51 INFO  : The application 'C:/Users/Stanc/Documents/Final_proj/software/img_process/Debug/img_process.elf' is downloaded to processor 'ps7_cortexa9_0'.
13:25:51 INFO  : 'configparams force-mem-access 0' command is executed.
13:25:51 INFO  : ----------------XSDB Script----------------
connect -url tcp:127.0.0.1:3121
targets -set -nocase -filter {name =~"APU*"}
rst -system
after 3000
targets -set -filter {jtag_cable_name =~ "Digilent Zybo Z7 210351B3FE7AA" && level==0 && jtag_device_ctx=="jsn-Zybo Z7-210351B3FE7AA-13722093-0"}
fpga -file C:/Users/Stanc/Documents/Final_proj/software/img_process/_ide/bitstream/design_1_wrapper.bit
targets -set -nocase -filter {name =~"APU*"}
loadhw -hw C:/Users/Stanc/Documents/Final_proj/software/design_1_wrapper/export/design_1_wrapper/hw/design_1_wrapper.xsa -mem-ranges [list {0x40000000 0xbfffffff}] -regs
configparams force-mem-access 1
targets -set -nocase -filter {name =~"APU*"}
source C:/Users/Stanc/Documents/Final_proj/software/img_process/_ide/psinit/ps7_init.tcl
ps7_init
ps7_post_config
targets -set -nocase -filter {name =~ "*A9*#0"}
dow C:/Users/Stanc/Documents/Final_proj/software/img_process/Debug/img_process.elf
configparams force-mem-access 0
----------------End of Script----------------

13:25:51 INFO  : Context for processor 'ps7_cortexa9_0' is selected.
13:25:51 INFO  : 'con' command is executed.
13:25:51 INFO  : ----------------XSDB Script (After Launch)----------------
targets -set -nocase -filter {name =~ "*A9*#0"}
con
----------------End of Script----------------

13:25:51 INFO  : Launch script is exported to file 'C:\Users\Stanc\Documents\Final_proj\software\img_process_system\_ide\scripts\debugger_img_process-default.tcl'
13:26:42 INFO  : Result from executing command 'removePlatformRepo': 
13:27:20 INFO  : Result from executing command 'getProjects': design_1_wrapper
13:27:20 INFO  : Result from executing command 'getPlatforms': 
13:27:20 INFO  : Checking for BSP changes to sync application flags for project 'img_process'...
13:28:40 INFO  : Disconnected from the channel tcfchan#17.
13:28:41 INFO  : Connected to target on host '127.0.0.1' and port '3121'.
13:28:41 INFO  : Jtag cable 'Digilent Zybo Z7 210351B3FE7AA' is selected.
13:28:41 INFO  : 'jtag frequency' command is executed.
13:28:41 INFO  : Context for 'APU' is selected.
13:28:41 INFO  : System reset is completed.
13:28:44 INFO  : 'after 3000' command is executed.
13:28:44 INFO  : 'targets -set -filter {jtag_cable_name =~ "Digilent Zybo Z7 210351B3FE7AA" && level==0 && jtag_device_ctx=="jsn-Zybo Z7-210351B3FE7AA-13722093-0"}' command is executed.
13:28:45 INFO  : Device configured successfully with "C:/Users/Stanc/Documents/Final_proj/software/img_process/_ide/bitstream/design_1_wrapper.bit"
13:28:45 INFO  : Context for 'APU' is selected.
13:28:45 INFO  : Hardware design and registers information is loaded from 'C:/Users/Stanc/Documents/Final_proj/software/design_1_wrapper/export/design_1_wrapper/hw/design_1_wrapper.xsa'.
13:28:45 INFO  : 'configparams force-mem-access 1' command is executed.
13:28:45 INFO  : Context for 'APU' is selected.
13:28:45 INFO  : Sourcing of 'C:/Users/Stanc/Documents/Final_proj/software/img_process/_ide/psinit/ps7_init.tcl' is done.
13:28:46 INFO  : 'ps7_init' command is executed.
13:28:46 INFO  : 'ps7_post_config' command is executed.
13:28:46 INFO  : Context for processor 'ps7_cortexa9_0' is selected.
13:28:46 INFO  : The application 'C:/Users/Stanc/Documents/Final_proj/software/img_process/Debug/img_process.elf' is downloaded to processor 'ps7_cortexa9_0'.
13:28:46 INFO  : 'configparams force-mem-access 0' command is executed.
13:28:46 INFO  : ----------------XSDB Script----------------
connect -url tcp:127.0.0.1:3121
targets -set -nocase -filter {name =~"APU*"}
rst -system
after 3000
targets -set -filter {jtag_cable_name =~ "Digilent Zybo Z7 210351B3FE7AA" && level==0 && jtag_device_ctx=="jsn-Zybo Z7-210351B3FE7AA-13722093-0"}
fpga -file C:/Users/Stanc/Documents/Final_proj/software/img_process/_ide/bitstream/design_1_wrapper.bit
targets -set -nocase -filter {name =~"APU*"}
loadhw -hw C:/Users/Stanc/Documents/Final_proj/software/design_1_wrapper/export/design_1_wrapper/hw/design_1_wrapper.xsa -mem-ranges [list {0x40000000 0xbfffffff}] -regs
configparams force-mem-access 1
targets -set -nocase -filter {name =~"APU*"}
source C:/Users/Stanc/Documents/Final_proj/software/img_process/_ide/psinit/ps7_init.tcl
ps7_init
ps7_post_config
targets -set -nocase -filter {name =~ "*A9*#0"}
dow C:/Users/Stanc/Documents/Final_proj/software/img_process/Debug/img_process.elf
configparams force-mem-access 0
----------------End of Script----------------

13:28:46 INFO  : Context for processor 'ps7_cortexa9_0' is selected.
13:28:46 INFO  : 'con' command is executed.
13:28:46 INFO  : ----------------XSDB Script (After Launch)----------------
targets -set -nocase -filter {name =~ "*A9*#0"}
con
----------------End of Script----------------

13:28:46 INFO  : Launch script is exported to file 'C:\Users\Stanc\Documents\Final_proj\software\img_process_system\_ide\scripts\debugger_img_process-default.tcl'
13:32:17 INFO  : Checking for BSP changes to sync application flags for project 'img_process'...
13:32:41 INFO  : Disconnected from the channel tcfchan#21.
13:32:42 INFO  : Connected to target on host '127.0.0.1' and port '3121'.
13:32:43 INFO  : Jtag cable 'Digilent Zybo Z7 210351B3FE7AA' is selected.
13:32:43 INFO  : 'jtag frequency' command is executed.
13:32:43 INFO  : Context for 'APU' is selected.
13:32:43 INFO  : System reset is completed.
13:32:46 INFO  : 'after 3000' command is executed.
13:32:46 INFO  : 'targets -set -filter {jtag_cable_name =~ "Digilent Zybo Z7 210351B3FE7AA" && level==0 && jtag_device_ctx=="jsn-Zybo Z7-210351B3FE7AA-13722093-0"}' command is executed.
13:32:47 INFO  : Device configured successfully with "C:/Users/Stanc/Documents/Final_proj/software/img_process/_ide/bitstream/design_1_wrapper.bit"
13:32:47 INFO  : Context for 'APU' is selected.
13:32:47 INFO  : Hardware design and registers information is loaded from 'C:/Users/Stanc/Documents/Final_proj/software/design_1_wrapper/export/design_1_wrapper/hw/design_1_wrapper.xsa'.
13:32:47 INFO  : 'configparams force-mem-access 1' command is executed.
13:32:47 INFO  : Context for 'APU' is selected.
13:32:47 INFO  : Sourcing of 'C:/Users/Stanc/Documents/Final_proj/software/img_process/_ide/psinit/ps7_init.tcl' is done.
13:32:48 INFO  : 'ps7_init' command is executed.
13:32:48 INFO  : 'ps7_post_config' command is executed.
13:32:48 INFO  : Context for processor 'ps7_cortexa9_0' is selected.
13:32:48 INFO  : The application 'C:/Users/Stanc/Documents/Final_proj/software/img_process/Debug/img_process.elf' is downloaded to processor 'ps7_cortexa9_0'.
13:32:48 INFO  : 'configparams force-mem-access 0' command is executed.
13:32:48 INFO  : ----------------XSDB Script----------------
connect -url tcp:127.0.0.1:3121
targets -set -nocase -filter {name =~"APU*"}
rst -system
after 3000
targets -set -filter {jtag_cable_name =~ "Digilent Zybo Z7 210351B3FE7AA" && level==0 && jtag_device_ctx=="jsn-Zybo Z7-210351B3FE7AA-13722093-0"}
fpga -file C:/Users/Stanc/Documents/Final_proj/software/img_process/_ide/bitstream/design_1_wrapper.bit
targets -set -nocase -filter {name =~"APU*"}
loadhw -hw C:/Users/Stanc/Documents/Final_proj/software/design_1_wrapper/export/design_1_wrapper/hw/design_1_wrapper.xsa -mem-ranges [list {0x40000000 0xbfffffff}] -regs
configparams force-mem-access 1
targets -set -nocase -filter {name =~"APU*"}
source C:/Users/Stanc/Documents/Final_proj/software/img_process/_ide/psinit/ps7_init.tcl
ps7_init
ps7_post_config
targets -set -nocase -filter {name =~ "*A9*#0"}
dow C:/Users/Stanc/Documents/Final_proj/software/img_process/Debug/img_process.elf
configparams force-mem-access 0
----------------End of Script----------------

13:32:48 INFO  : Context for processor 'ps7_cortexa9_0' is selected.
13:32:48 INFO  : 'con' command is executed.
13:32:48 INFO  : ----------------XSDB Script (After Launch)----------------
targets -set -nocase -filter {name =~ "*A9*#0"}
con
----------------End of Script----------------

13:32:48 INFO  : Launch script is exported to file 'C:\Users\Stanc\Documents\Final_proj\software\img_process_system\_ide\scripts\debugger_img_process-default.tcl'
13:34:40 INFO  : Result from executing command 'removePlatformRepo': 
13:39:53 INFO  : Disconnected from the channel tcfchan#23.
13:40:49 INFO  : Launching XSCT server: xsct.bat -n  -interactive C:\Users\Stanc\Documents\Final_proj\software\temp_xsdb_launch_script.tcl
13:40:52 INFO  : Platform repository initialization has completed.
13:40:52 INFO  : Registering command handlers for Vitis TCF services
13:40:52 INFO  : XSCT server has started successfully.
13:40:52 INFO  : plnx-install-location is set to ''
13:40:52 INFO  : Successfully done setting XSCT server connection channel  
13:40:53 INFO  : Successfully done setting workspace for the tool. 
13:40:53 INFO  : Successfully done query RDI_DATADIR 
13:41:57 INFO  : Result from executing command 'getProjects': design_1_wrapper
13:41:57 INFO  : Result from executing command 'getPlatforms': 
13:41:58 INFO  : Checking for BSP changes to sync application flags for project 'img_process'...
13:45:06 INFO  : Checking for BSP changes to sync application flags for project 'img_process'...
13:45:30 INFO  : Connected to target on host '127.0.0.1' and port '3121'.
13:45:33 INFO  : Jtag cable 'Digilent Zybo Z7 210351B3FE7AA' is selected.
13:45:33 INFO  : 'jtag frequency' command is executed.
13:45:33 INFO  : Context for 'APU' is selected.
13:45:33 INFO  : System reset is completed.
13:45:36 INFO  : 'after 3000' command is executed.
13:45:36 INFO  : 'targets -set -filter {jtag_cable_name =~ "Digilent Zybo Z7 210351B3FE7AA" && level==0 && jtag_device_ctx=="jsn-Zybo Z7-210351B3FE7AA-13722093-0"}' command is executed.
13:45:38 INFO  : Device configured successfully with "C:/Users/Stanc/Documents/Final_proj/software/img_process/_ide/bitstream/design_1_wrapper.bit"
13:45:38 INFO  : Context for 'APU' is selected.
13:45:38 INFO  : Hardware design and registers information is loaded from 'C:/Users/Stanc/Documents/Final_proj/software/design_1_wrapper/export/design_1_wrapper/hw/design_1_wrapper.xsa'.
13:45:38 INFO  : 'configparams force-mem-access 1' command is executed.
13:45:38 INFO  : Context for 'APU' is selected.
13:45:38 INFO  : Sourcing of 'C:/Users/Stanc/Documents/Final_proj/software/img_process/_ide/psinit/ps7_init.tcl' is done.
13:45:38 INFO  : 'ps7_init' command is executed.
13:45:38 INFO  : 'ps7_post_config' command is executed.
13:45:38 INFO  : Context for processor 'ps7_cortexa9_0' is selected.
13:45:39 INFO  : The application 'C:/Users/Stanc/Documents/Final_proj/software/img_process/Debug/img_process.elf' is downloaded to processor 'ps7_cortexa9_0'.
13:45:39 INFO  : 'configparams force-mem-access 0' command is executed.
13:45:39 INFO  : ----------------XSDB Script----------------
connect -url tcp:127.0.0.1:3121
targets -set -nocase -filter {name =~"APU*"}
rst -system
after 3000
targets -set -filter {jtag_cable_name =~ "Digilent Zybo Z7 210351B3FE7AA" && level==0 && jtag_device_ctx=="jsn-Zybo Z7-210351B3FE7AA-13722093-0"}
fpga -file C:/Users/Stanc/Documents/Final_proj/software/img_process/_ide/bitstream/design_1_wrapper.bit
targets -set -nocase -filter {name =~"APU*"}
loadhw -hw C:/Users/Stanc/Documents/Final_proj/software/design_1_wrapper/export/design_1_wrapper/hw/design_1_wrapper.xsa -mem-ranges [list {0x40000000 0xbfffffff}] -regs
configparams force-mem-access 1
targets -set -nocase -filter {name =~"APU*"}
source C:/Users/Stanc/Documents/Final_proj/software/img_process/_ide/psinit/ps7_init.tcl
ps7_init
ps7_post_config
targets -set -nocase -filter {name =~ "*A9*#0"}
dow C:/Users/Stanc/Documents/Final_proj/software/img_process/Debug/img_process.elf
configparams force-mem-access 0
----------------End of Script----------------

13:45:39 INFO  : Context for processor 'ps7_cortexa9_0' is selected.
13:45:39 INFO  : 'con' command is executed.
13:45:39 INFO  : ----------------XSDB Script (After Launch)----------------
targets -set -nocase -filter {name =~ "*A9*#0"}
con
----------------End of Script----------------

13:45:39 INFO  : Launch script is exported to file 'C:\Users\Stanc\Documents\Final_proj\software\img_process_system\_ide\scripts\debugger_img_process-default.tcl'
13:46:04 INFO  : Disconnected from the channel tcfchan#3.
13:46:05 INFO  : Connected to target on host '127.0.0.1' and port '3121'.
13:46:06 INFO  : Jtag cable 'Digilent Zybo Z7 210351B3FE7AA' is selected.
13:46:06 INFO  : 'jtag frequency' command is executed.
13:46:06 INFO  : Context for 'APU' is selected.
13:46:06 INFO  : System reset is completed.
13:46:09 INFO  : 'after 3000' command is executed.
13:46:09 INFO  : 'targets -set -filter {jtag_cable_name =~ "Digilent Zybo Z7 210351B3FE7AA" && level==0 && jtag_device_ctx=="jsn-Zybo Z7-210351B3FE7AA-13722093-0"}' command is executed.
13:46:11 INFO  : Device configured successfully with "C:/Users/Stanc/Documents/Final_proj/software/img_process/_ide/bitstream/design_1_wrapper.bit"
13:46:11 INFO  : Context for 'APU' is selected.
13:46:11 INFO  : Hardware design and registers information is loaded from 'C:/Users/Stanc/Documents/Final_proj/software/design_1_wrapper/export/design_1_wrapper/hw/design_1_wrapper.xsa'.
13:46:11 INFO  : 'configparams force-mem-access 1' command is executed.
13:46:11 INFO  : Context for 'APU' is selected.
13:46:11 INFO  : Sourcing of 'C:/Users/Stanc/Documents/Final_proj/software/img_process/_ide/psinit/ps7_init.tcl' is done.
13:46:11 INFO  : 'ps7_init' command is executed.
13:46:11 INFO  : 'ps7_post_config' command is executed.
13:46:11 INFO  : Context for processor 'ps7_cortexa9_0' is selected.
13:46:11 INFO  : The application 'C:/Users/Stanc/Documents/Final_proj/software/img_process/Debug/img_process.elf' is downloaded to processor 'ps7_cortexa9_0'.
13:46:11 INFO  : 'configparams force-mem-access 0' command is executed.
13:46:11 INFO  : ----------------XSDB Script----------------
connect -url tcp:127.0.0.1:3121
targets -set -nocase -filter {name =~"APU*"}
rst -system
after 3000
targets -set -filter {jtag_cable_name =~ "Digilent Zybo Z7 210351B3FE7AA" && level==0 && jtag_device_ctx=="jsn-Zybo Z7-210351B3FE7AA-13722093-0"}
fpga -file C:/Users/Stanc/Documents/Final_proj/software/img_process/_ide/bitstream/design_1_wrapper.bit
targets -set -nocase -filter {name =~"APU*"}
loadhw -hw C:/Users/Stanc/Documents/Final_proj/software/design_1_wrapper/export/design_1_wrapper/hw/design_1_wrapper.xsa -mem-ranges [list {0x40000000 0xbfffffff}] -regs
configparams force-mem-access 1
targets -set -nocase -filter {name =~"APU*"}
source C:/Users/Stanc/Documents/Final_proj/software/img_process/_ide/psinit/ps7_init.tcl
ps7_init
ps7_post_config
targets -set -nocase -filter {name =~ "*A9*#0"}
dow C:/Users/Stanc/Documents/Final_proj/software/img_process/Debug/img_process.elf
configparams force-mem-access 0
----------------End of Script----------------

13:46:12 INFO  : Context for processor 'ps7_cortexa9_0' is selected.
13:46:12 INFO  : 'con' command is executed.
13:46:12 INFO  : ----------------XSDB Script (After Launch)----------------
targets -set -nocase -filter {name =~ "*A9*#0"}
con
----------------End of Script----------------

13:46:12 INFO  : Launch script is exported to file 'C:\Users\Stanc\Documents\Final_proj\software\img_process_system\_ide\scripts\debugger_img_process-default.tcl'
13:51:09 INFO  : Checking for BSP changes to sync application flags for project 'img_process'...
13:51:49 INFO  : Disconnected from the channel tcfchan#4.
13:51:50 INFO  : Connected to target on host '127.0.0.1' and port '3121'.
13:51:50 INFO  : Jtag cable 'Digilent Zybo Z7 210351B3FE7AA' is selected.
13:51:50 INFO  : 'jtag frequency' command is executed.
13:51:52 INFO  : Context for 'APU' is selected.
13:51:53 INFO  : System reset is completed.
13:51:56 INFO  : 'after 3000' command is executed.
13:51:56 INFO  : 'targets -set -filter {jtag_cable_name =~ "Digilent Zybo Z7 210351B3FE7AA" && level==0 && jtag_device_ctx=="jsn-Zybo Z7-210351B3FE7AA-13722093-0"}' command is executed.
13:51:57 INFO  : Device configured successfully with "C:/Users/Stanc/Documents/Final_proj/software/img_process/_ide/bitstream/design_1_wrapper.bit"
13:51:57 INFO  : Context for 'APU' is selected.
13:51:57 INFO  : Hardware design and registers information is loaded from 'C:/Users/Stanc/Documents/Final_proj/software/design_1_wrapper/export/design_1_wrapper/hw/design_1_wrapper.xsa'.
13:51:57 INFO  : 'configparams force-mem-access 1' command is executed.
13:51:57 INFO  : Context for 'APU' is selected.
13:51:57 INFO  : Sourcing of 'C:/Users/Stanc/Documents/Final_proj/software/img_process/_ide/psinit/ps7_init.tcl' is done.
13:51:57 INFO  : 'ps7_init' command is executed.
13:51:57 INFO  : 'ps7_post_config' command is executed.
13:51:57 INFO  : Context for processor 'ps7_cortexa9_0' is selected.
13:51:58 INFO  : The application 'C:/Users/Stanc/Documents/Final_proj/software/img_process/Debug/img_process.elf' is downloaded to processor 'ps7_cortexa9_0'.
13:51:58 INFO  : 'configparams force-mem-access 0' command is executed.
13:51:58 INFO  : ----------------XSDB Script----------------
connect -url tcp:127.0.0.1:3121
targets -set -nocase -filter {name =~"APU*"}
rst -system
after 3000
targets -set -filter {jtag_cable_name =~ "Digilent Zybo Z7 210351B3FE7AA" && level==0 && jtag_device_ctx=="jsn-Zybo Z7-210351B3FE7AA-13722093-0"}
fpga -file C:/Users/Stanc/Documents/Final_proj/software/img_process/_ide/bitstream/design_1_wrapper.bit
targets -set -nocase -filter {name =~"APU*"}
loadhw -hw C:/Users/Stanc/Documents/Final_proj/software/design_1_wrapper/export/design_1_wrapper/hw/design_1_wrapper.xsa -mem-ranges [list {0x40000000 0xbfffffff}] -regs
configparams force-mem-access 1
targets -set -nocase -filter {name =~"APU*"}
source C:/Users/Stanc/Documents/Final_proj/software/img_process/_ide/psinit/ps7_init.tcl
ps7_init
ps7_post_config
targets -set -nocase -filter {name =~ "*A9*#0"}
dow C:/Users/Stanc/Documents/Final_proj/software/img_process/Debug/img_process.elf
configparams force-mem-access 0
----------------End of Script----------------

13:51:58 INFO  : Context for processor 'ps7_cortexa9_0' is selected.
13:51:58 INFO  : 'con' command is executed.
13:51:58 INFO  : ----------------XSDB Script (After Launch)----------------
targets -set -nocase -filter {name =~ "*A9*#0"}
con
----------------End of Script----------------

13:51:58 INFO  : Launch script is exported to file 'C:\Users\Stanc\Documents\Final_proj\software\img_process_system\_ide\scripts\debugger_img_process-default.tcl'
14:12:07 INFO  : Disconnected from the channel tcfchan#6.
14:12:24 INFO  : Launching XSCT server: xsct.bat -n  -interactive C:\Users\Stanc\Documents\Final_proj\software\temp_xsdb_launch_script.tcl
14:12:27 INFO  : XSCT server has started successfully.
14:12:27 INFO  : Successfully done setting XSCT server connection channel  
14:12:27 INFO  : plnx-install-location is set to ''
14:12:27 INFO  : Successfully done setting workspace for the tool. 
14:12:27 INFO  : Platform repository initialization has completed.
14:12:27 INFO  : Registering command handlers for Vitis TCF services
14:12:28 INFO  : Successfully done query RDI_DATADIR 
14:15:45 INFO  : Launching XSCT server: xsct.bat -n  -interactive C:\Users\Stanc\Documents\Image_Processing_ZYNQ\software\temp_xsdb_launch_script.tcl
14:15:48 INFO  : XSCT server has started successfully.
14:15:48 ERROR : Error encountered while initializing user repository paths
Reason: No Platforms Found.


14:15:48 INFO  : Platform repository initialization has completed.
14:15:48 INFO  : Successfully done setting XSCT server connection channel  
14:15:48 INFO  : plnx-install-location is set to ''
14:15:48 INFO  : Successfully done setting workspace for the tool. 
14:15:48 INFO  : Registering command handlers for Vitis TCF services
14:15:48 INFO  : Successfully done query RDI_DATADIR 
14:16:08 INFO  : Result from executing command 'removePlatformRepo': 
14:18:02 INFO  : Result from executing command 'getProjects': design_1_wrapper
14:18:02 INFO  : Result from executing command 'getPlatforms': 
14:18:02 INFO  : Checking for BSP changes to sync application flags for project 'img_process'...
14:19:04 INFO  : Connected to target on host '127.0.0.1' and port '3121'.
14:19:05 INFO  : Jtag cable 'Digilent Zybo Z7 210351B3FE7AA' is selected.
14:19:05 INFO  : 'jtag frequency' command is executed.
14:19:05 INFO  : Context for 'APU' is selected.
14:19:05 INFO  : System reset is completed.
14:19:08 INFO  : 'after 3000' command is executed.
14:19:08 INFO  : 'targets -set -filter {jtag_cable_name =~ "Digilent Zybo Z7 210351B3FE7AA" && level==0 && jtag_device_ctx=="jsn-Zybo Z7-210351B3FE7AA-13722093-0"}' command is executed.
14:19:09 INFO  : Device configured successfully with "C:/Users/Stanc/Documents/Image_Processing_ZYNQ/software/img_process/_ide/bitstream/design_1_wrapper.bit"
14:19:09 INFO  : Context for 'APU' is selected.
14:19:09 INFO  : Hardware design and registers information is loaded from 'C:/Users/Stanc/Documents/Image_Processing_ZYNQ/software/design_1_wrapper/export/design_1_wrapper/hw/design_1_wrapper.xsa'.
14:19:09 INFO  : 'configparams force-mem-access 1' command is executed.
14:19:09 INFO  : Context for 'APU' is selected.
14:19:09 INFO  : Sourcing of 'C:/Users/Stanc/Documents/Image_Processing_ZYNQ/software/img_process/_ide/psinit/ps7_init.tcl' is done.
14:19:10 INFO  : 'ps7_init' command is executed.
14:19:10 INFO  : 'ps7_post_config' command is executed.
14:19:10 INFO  : Context for processor 'ps7_cortexa9_0' is selected.
14:19:10 INFO  : The application 'C:/Users/Stanc/Documents/Image_Processing_ZYNQ/software/img_process/Debug/img_process.elf' is downloaded to processor 'ps7_cortexa9_0'.
14:19:10 INFO  : 'configparams force-mem-access 0' command is executed.
14:19:10 INFO  : ----------------XSDB Script----------------
connect -url tcp:127.0.0.1:3121
targets -set -nocase -filter {name =~"APU*"}
rst -system
after 3000
targets -set -filter {jtag_cable_name =~ "Digilent Zybo Z7 210351B3FE7AA" && level==0 && jtag_device_ctx=="jsn-Zybo Z7-210351B3FE7AA-13722093-0"}
fpga -file C:/Users/Stanc/Documents/Image_Processing_ZYNQ/software/img_process/_ide/bitstream/design_1_wrapper.bit
targets -set -nocase -filter {name =~"APU*"}
loadhw -hw C:/Users/Stanc/Documents/Image_Processing_ZYNQ/software/design_1_wrapper/export/design_1_wrapper/hw/design_1_wrapper.xsa -mem-ranges [list {0x40000000 0xbfffffff}] -regs
configparams force-mem-access 1
targets -set -nocase -filter {name =~"APU*"}
source C:/Users/Stanc/Documents/Image_Processing_ZYNQ/software/img_process/_ide/psinit/ps7_init.tcl
ps7_init
ps7_post_config
targets -set -nocase -filter {name =~ "*A9*#0"}
dow C:/Users/Stanc/Documents/Image_Processing_ZYNQ/software/img_process/Debug/img_process.elf
configparams force-mem-access 0
----------------End of Script----------------

14:19:11 INFO  : Context for processor 'ps7_cortexa9_0' is selected.
14:19:11 INFO  : 'con' command is executed.
14:19:11 INFO  : ----------------XSDB Script (After Launch)----------------
targets -set -nocase -filter {name =~ "*A9*#0"}
con
----------------End of Script----------------

14:19:11 INFO  : Launch script is exported to file 'C:\Users\Stanc\Documents\Image_Processing_ZYNQ\software\img_process_system\_ide\scripts\debugger_img_process-default.tcl'
14:26:05 INFO  : Disconnected from the channel tcfchan#4.
14:32:38 INFO  : Launching XSCT server: xsct.bat -n  -interactive C:\Users\Stanc\Documents\Image_Processing_ZYNQ\software\temp_xsdb_launch_script.tcl
14:32:41 INFO  : Platform repository initialization has completed.
14:32:41 INFO  : Registering command handlers for Vitis TCF services
14:32:42 INFO  : XSCT server has started successfully.
14:32:42 INFO  : plnx-install-location is set to ''
14:32:45 INFO  : Successfully done setting XSCT server connection channel  
14:32:45 INFO  : Successfully done query RDI_DATADIR 
14:32:45 INFO  : Successfully done setting workspace for the tool. 
14:33:05 INFO  : Checking for BSP changes to sync application flags for project 'img_process'...
14:33:12 ERROR : (XSDB Server)ERROR: [Hsi 55-1571] The design file C:/Users/Stanc/Documents/Image_Processing_ZYNQ/software/design_1_wrapper/export/design_1_wrapper/hw/design_1_wrapper.xsa is already opened

14:33:40 ERROR : Error encountered while removing 'C:\Users\Stanc\Documents\Image_Processing_ZYNQ\software\design_1_wrapper\export\design_1_wrapper' from custom repository paths
Reason: No Platforms Found.


14:33:40 INFO  : Result from executing command 'removePlatformRepo': 
14:34:21 INFO  : Result from executing command 'getProjects': design_1_wrapper
14:34:21 INFO  : Result from executing command 'getPlatforms': 
14:34:22 INFO  : Checking for BSP changes to sync application flags for project 'img_process'...
14:34:53 INFO  : Connected to target on host '127.0.0.1' and port '3121'.
14:34:54 INFO  : Jtag cable 'Digilent Zybo Z7 210351B3FE7AA' is selected.
14:34:54 INFO  : 'jtag frequency' command is executed.
14:34:54 INFO  : Context for 'APU' is selected.
14:34:54 INFO  : System reset is completed.
14:34:57 INFO  : 'after 3000' command is executed.
14:34:57 INFO  : 'targets -set -filter {jtag_cable_name =~ "Digilent Zybo Z7 210351B3FE7AA" && level==0 && jtag_device_ctx=="jsn-Zybo Z7-210351B3FE7AA-13722093-0"}' command is executed.
14:34:58 INFO  : Device configured successfully with "C:/Users/Stanc/Documents/Image_Processing_ZYNQ/software/img_process/_ide/bitstream/design_1_wrapper.bit"
14:34:58 INFO  : Context for 'APU' is selected.
14:34:59 INFO  : Hardware design and registers information is loaded from 'C:/Users/Stanc/Documents/Image_Processing_ZYNQ/software/design_1_wrapper/export/design_1_wrapper/hw/design_1_wrapper.xsa'.
14:34:59 INFO  : 'configparams force-mem-access 1' command is executed.
14:34:59 INFO  : Context for 'APU' is selected.
14:34:59 INFO  : Sourcing of 'C:/Users/Stanc/Documents/Image_Processing_ZYNQ/software/img_process/_ide/psinit/ps7_init.tcl' is done.
14:34:59 INFO  : 'ps7_init' command is executed.
14:34:59 INFO  : 'ps7_post_config' command is executed.
14:34:59 INFO  : Context for processor 'ps7_cortexa9_0' is selected.
14:35:00 INFO  : The application 'C:/Users/Stanc/Documents/Image_Processing_ZYNQ/software/img_process/Debug/img_process.elf' is downloaded to processor 'ps7_cortexa9_0'.
14:35:00 INFO  : 'configparams force-mem-access 0' command is executed.
14:35:00 INFO  : ----------------XSDB Script----------------
connect -url tcp:127.0.0.1:3121
targets -set -nocase -filter {name =~"APU*"}
rst -system
after 3000
targets -set -filter {jtag_cable_name =~ "Digilent Zybo Z7 210351B3FE7AA" && level==0 && jtag_device_ctx=="jsn-Zybo Z7-210351B3FE7AA-13722093-0"}
fpga -file C:/Users/Stanc/Documents/Image_Processing_ZYNQ/software/img_process/_ide/bitstream/design_1_wrapper.bit
targets -set -nocase -filter {name =~"APU*"}
loadhw -hw C:/Users/Stanc/Documents/Image_Processing_ZYNQ/software/design_1_wrapper/export/design_1_wrapper/hw/design_1_wrapper.xsa -mem-ranges [list {0x40000000 0xbfffffff}] -regs
configparams force-mem-access 1
targets -set -nocase -filter {name =~"APU*"}
source C:/Users/Stanc/Documents/Image_Processing_ZYNQ/software/img_process/_ide/psinit/ps7_init.tcl
ps7_init
ps7_post_config
targets -set -nocase -filter {name =~ "*A9*#0"}
dow C:/Users/Stanc/Documents/Image_Processing_ZYNQ/software/img_process/Debug/img_process.elf
configparams force-mem-access 0
----------------End of Script----------------

14:35:00 INFO  : Context for processor 'ps7_cortexa9_0' is selected.
14:35:00 INFO  : 'con' command is executed.
14:35:00 INFO  : ----------------XSDB Script (After Launch)----------------
targets -set -nocase -filter {name =~ "*A9*#0"}
con
----------------End of Script----------------

14:35:00 INFO  : Launch script is exported to file 'C:\Users\Stanc\Documents\Image_Processing_ZYNQ\software\img_process_system\_ide\scripts\debugger_img_process-default.tcl'
14:36:08 ERROR : Error encountered while removing 'C:\Users\Stanc\Documents\Image_Processing_ZYNQ\software\design_1_wrapper\export\design_1_wrapper' from custom repository paths
Reason: No Platforms Found.


14:36:08 INFO  : Result from executing command 'removePlatformRepo': 
14:36:41 INFO  : Result from executing command 'getProjects': design_1_wrapper
14:36:41 INFO  : Result from executing command 'getPlatforms': 
14:36:41 INFO  : Checking for BSP changes to sync application flags for project 'img_process'...
14:37:13 INFO  : Disconnected from the channel tcfchan#5.
14:37:14 INFO  : Connected to target on host '127.0.0.1' and port '3121'.
14:37:14 INFO  : Jtag cable 'Digilent Zybo Z7 210351B3FE7AA' is selected.
14:37:14 INFO  : 'jtag frequency' command is executed.
14:37:15 INFO  : Context for 'APU' is selected.
14:37:15 INFO  : System reset is completed.
14:37:18 INFO  : 'after 3000' command is executed.
14:37:18 INFO  : 'targets -set -filter {jtag_cable_name =~ "Digilent Zybo Z7 210351B3FE7AA" && level==0 && jtag_device_ctx=="jsn-Zybo Z7-210351B3FE7AA-13722093-0"}' command is executed.
14:37:19 INFO  : Device configured successfully with "C:/Users/Stanc/Documents/Image_Processing_ZYNQ/software/img_process/_ide/bitstream/design_1_wrapper.bit"
14:37:19 INFO  : Context for 'APU' is selected.
14:37:22 INFO  : Hardware design and registers information is loaded from 'C:/Users/Stanc/Documents/Image_Processing_ZYNQ/software/design_1_wrapper/export/design_1_wrapper/hw/design_1_wrapper.xsa'.
14:37:22 INFO  : 'configparams force-mem-access 1' command is executed.
14:37:22 INFO  : Context for 'APU' is selected.
14:37:22 INFO  : Sourcing of 'C:/Users/Stanc/Documents/Image_Processing_ZYNQ/software/img_process/_ide/psinit/ps7_init.tcl' is done.
14:37:22 INFO  : 'ps7_init' command is executed.
14:37:22 INFO  : 'ps7_post_config' command is executed.
14:37:22 INFO  : Context for processor 'ps7_cortexa9_0' is selected.
14:37:22 INFO  : The application 'C:/Users/Stanc/Documents/Image_Processing_ZYNQ/software/img_process/Debug/img_process.elf' is downloaded to processor 'ps7_cortexa9_0'.
14:37:22 INFO  : 'configparams force-mem-access 0' command is executed.
14:37:22 INFO  : ----------------XSDB Script----------------
connect -url tcp:127.0.0.1:3121
targets -set -nocase -filter {name =~"APU*"}
rst -system
after 3000
targets -set -filter {jtag_cable_name =~ "Digilent Zybo Z7 210351B3FE7AA" && level==0 && jtag_device_ctx=="jsn-Zybo Z7-210351B3FE7AA-13722093-0"}
fpga -file C:/Users/Stanc/Documents/Image_Processing_ZYNQ/software/img_process/_ide/bitstream/design_1_wrapper.bit
targets -set -nocase -filter {name =~"APU*"}
loadhw -hw C:/Users/Stanc/Documents/Image_Processing_ZYNQ/software/design_1_wrapper/export/design_1_wrapper/hw/design_1_wrapper.xsa -mem-ranges [list {0x40000000 0xbfffffff}] -regs
configparams force-mem-access 1
targets -set -nocase -filter {name =~"APU*"}
source C:/Users/Stanc/Documents/Image_Processing_ZYNQ/software/img_process/_ide/psinit/ps7_init.tcl
ps7_init
ps7_post_config
targets -set -nocase -filter {name =~ "*A9*#0"}
dow C:/Users/Stanc/Documents/Image_Processing_ZYNQ/software/img_process/Debug/img_process.elf
configparams force-mem-access 0
----------------End of Script----------------

14:37:23 INFO  : Context for processor 'ps7_cortexa9_0' is selected.
14:37:23 INFO  : 'con' command is executed.
14:37:23 INFO  : ----------------XSDB Script (After Launch)----------------
targets -set -nocase -filter {name =~ "*A9*#0"}
con
----------------End of Script----------------

14:37:23 INFO  : Launch script is exported to file 'C:\Users\Stanc\Documents\Image_Processing_ZYNQ\software\img_process_system\_ide\scripts\debugger_img_process-default.tcl'
14:38:15 INFO  : Disconnected from the channel tcfchan#9.
