Copyright 1986-2021 Xilinx, Inc. All Rights Reserved.
----------------------------------------------------------------------------------------------
| Tool Version : Vivado v.2021.2.1 (win64) Build 3414424 Sun Dec 19 10:57:22 MST 2021
| Date         : Wed May 11 11:42:31 2022
| Host         : SC_PC running 64-bit major release  (build 9200)
| Command      : report_clock_utilization -file design_1_wrapper_clock_utilization_routed.rpt
| Design       : design_1_wrapper
| Device       : 7z010-clg400
| Speed File   : -1  PRODUCTION 1.12 2019-11-22
| Design State : Routed
----------------------------------------------------------------------------------------------

Clock Utilization Report

Table of Contents
-----------------
1. Clock Primitive Utilization
2. Global Clock Resources
3. Global Clock Source Details
4. Clock Regions: Key Resource Utilization
5. Clock Regions : Global Clock Summary
6. Device Cell Placement Summary for Global Clock g0
7. Device Cell Placement Summary for Global Clock g1
8. Device Cell Placement Summary for Global Clock g2
9. Device Cell Placement Summary for Global Clock g3
10. Device Cell Placement Summary for Global Clock g4
11. Device Cell Placement Summary for Global Clock g5
12. Clock Region Cell Placement per Global Clock: Region X0Y0
13. Clock Region Cell Placement per Global Clock: Region X1Y0
14. Clock Region Cell Placement per Global Clock: Region X0Y1
15. Clock Region Cell Placement per Global Clock: Region X1Y1

1. Clock Primitive Utilization
------------------------------

+----------+------+-----------+-----+--------------+--------+
| Type     | Used | Available | LOC | Clock Region | Pblock |
+----------+------+-----------+-----+--------------+--------+
| BUFGCTRL |    4 |        32 |   0 |            0 |      0 |
| BUFH     |    0 |        48 |   0 |            0 |      0 |
| BUFIO    |    2 |         8 |   0 |            0 |      0 |
| BUFMR    |    0 |         4 |   0 |            0 |      0 |
| BUFR     |    2 |         8 |   0 |            0 |      0 |
| MMCM     |    2 |         2 |   0 |            0 |      0 |
| PLL      |    0 |         2 |   0 |            0 |      0 |
+----------+------+-----------+-----+--------------+--------+


2. Global Clock Resources
-------------------------

+-----------+-----------+-----------------+------------+---------------+--------------+-------------------+-------------+-----------------+--------------+------------------------+--------------------------------------------------------------------------+---------------------------------------------------------+
| Global Id | Source Id | Driver Type/Pin | Constraint | Site          | Clock Region | Load Clock Region | Clock Loads | Non-Clock Loads | Clock Period | Clock                  | Driver Pin                                                               | Net                                                     |
+-----------+-----------+-----------------+------------+---------------+--------------+-------------------+-------------+-----------------+--------------+------------------------+--------------------------------------------------------------------------+---------------------------------------------------------+
| g0        | src0      | BUFG/O          | None       | BUFGCTRL_X0Y0 | n/a          |                 4 |        6324 |               0 |        7.499 | clk_fpga_1             | design_1_i/processing_system7_0/inst/FCLK_CLK1_BUFG_inst/O               | design_1_i/processing_system7_0/inst/FCLK_CLK1_BUFG     |
| g1        | src1      | BUFR/O          | None       | BUFR_X0Y5     | X1Y1         |                 1 |        2843 |               0 |       10.000 | axi_dynclk_0_PXL_CLK_O | design_1_i/axi_dynclk_0/U0/BUFR_inst/O                                   | design_1_i/axi_dynclk_0/U0/PXL_CLK_O                    |
| g2        | src2      | BUFG/O          | None       | BUFGCTRL_X0Y3 | n/a          |                 3 |        2492 |               0 |              |                        | design_1_i/dvi2rgb_0/U0/GenerateBUFG.ResyncToBUFG_X/InstBUFG/O           | design_1_i/dvi2rgb_0/U0/GenerateBUFG.ResyncToBUFG_X/CLK |
| g3        | src3      | BUFG/O          | None       | BUFGCTRL_X0Y1 | n/a          |                 4 |        1904 |               0 |       10.000 | clk_fpga_0             | design_1_i/processing_system7_0/inst/buffer_fclk_clk_0.FCLK_CLK_0_BUFG/O | design_1_i/processing_system7_0/inst/FCLK_CLK0          |
| g4        | src4      | BUFR/O          | None       | BUFR_X0Y1     | X1Y0         |                 2 |         324 |               1 |              |                        | design_1_i/dvi2rgb_0/U0/TMDS_ClockingX/PixelClkBuffer/O                  | design_1_i/dvi2rgb_0/U0/TMDS_ClockingX/PixelClkBuffer_0 |
| g5        | src5      | BUFG/O          | None       | BUFGCTRL_X0Y2 | n/a          |                 2 |         158 |               0 |        5.000 | clk_fpga_2             | design_1_i/processing_system7_0/inst/FCLK_CLK2_BUFG_inst/O               | design_1_i/processing_system7_0/inst/FCLK_CLK2_BUFG     |
+-----------+-----------+-----------------+------------+---------------+--------------+-------------------+-------------+-----------------+--------------+------------------------+--------------------------------------------------------------------------+---------------------------------------------------------+
* Clock Loads column represents the clock pin loads (pin count)
** Non-Clock Loads column represents the non-clock pin loads (pin count)


3. Global Clock Source Details
------------------------------

+-----------+-----------+--------------------+------------+-----------------+--------------+-------------+-----------------+---------------------+--------------+------------------------------------------------------------------+-------------------------------------------------------------+
| Source Id | Global Id | Driver Type/Pin    | Constraint | Site            | Clock Region | Clock Loads | Non-Clock Loads | Source Clock Period | Source Clock | Driver Pin                                                       | Net                                                         |
+-----------+-----------+--------------------+------------+-----------------+--------------+-------------+-----------------+---------------------+--------------+------------------------------------------------------------------+-------------------------------------------------------------+
| src0      | g0        | PS7/FCLKCLK[1]     | PS7_X0Y0   | PS7_X0Y0        | X0Y1         |           1 |               0 |               7.499 | clk_fpga_1   | design_1_i/processing_system7_0/inst/PS7_i/FCLKCLK[1]            | design_1_i/processing_system7_0/inst/FCLK_CLK1              |
| src1      | g1        | MMCME2_ADV/CLKOUT0 | None       | MMCME2_ADV_X0Y1 | X1Y1         |           2 |               0 |               2.000 | I            | design_1_i/axi_dynclk_0/U0/Inst_mmcme2_drp/mmcm_adv_inst/CLKOUT0 | design_1_i/axi_dynclk_0/U0/Inst_mmcme2_drp/I                |
| src2      | g2        | BUFR/O             | None       | BUFR_X0Y1       | X1Y0         |         367 |               0 |                     |              | design_1_i/dvi2rgb_0/U0/TMDS_ClockingX/PixelClkBuffer/O          | design_1_i/dvi2rgb_0/U0/TMDS_ClockingX/PixelClkBuffer_0     |
| src3      | g3        | PS7/FCLKCLK[0]     | PS7_X0Y0   | PS7_X0Y0        | X0Y1         |           1 |               0 |              10.000 | clk_fpga_0   | design_1_i/processing_system7_0/inst/PS7_i/FCLKCLK[0]            | design_1_i/processing_system7_0/inst/FCLK_CLK_unbuffered[0] |
| src4      | g4        | MMCME2_ADV/CLKOUT0 | None       | MMCME2_ADV_X0Y0 | X1Y0         |           2 |               0 |                     |              | design_1_i/dvi2rgb_0/U0/TMDS_ClockingX/DVI_ClkGenerator/CLKOUT0  | design_1_i/dvi2rgb_0/U0/TMDS_ClockingX/CLK_OUT_5x_hdmi_clk  |
| src5      | g5        | PS7/FCLKCLK[2]     | PS7_X0Y0   | PS7_X0Y0        | X0Y1         |           1 |               0 |               5.000 | clk_fpga_2   | design_1_i/processing_system7_0/inst/PS7_i/FCLKCLK[2]            | design_1_i/processing_system7_0/inst/FCLK_CLK2              |
+-----------+-----------+--------------------+------------+-----------------+--------------+-------------+-----------------+---------------------+--------------+------------------------------------------------------------------+-------------------------------------------------------------+
* Clock Loads column represents the clock pin loads (pin count)
** Non-Clock Loads column represents the non-clock pin loads (pin count)


4. Clock Regions: Key Resource Utilization
------------------------------------------

+-------------------+--------------+--------------+--------------+--------------+--------------+--------------+--------------+--------------+--------------+--------------+--------------+--------------+--------------+--------------+--------------+
|                   | Global Clock |     BUFRs    |    BUFMRs    |    BUFIOs    |     MMCM     |      PLL     |      GT      |      PCI     |    ILOGIC    |    OLOGIC    |      FF      |     LUTM     |    RAMB18    |    RAMB36    |    DSP48E2   |
+-------------------+------+-------+------+-------+------+-------+------+-------+------+-------+------+-------+------+-------+------+-------+------+-------+------+-------+------+-------+------+-------+------+-------+------+-------+------+-------+
| Clock Region Name | Used | Avail | Used | Avail | Used | Avail | Used | Avail | Used | Avail | Used | Avail | Used | Avail | Used | Avail | Used | Avail | Used | Avail | Used | Avail | Used | Avail | Used | Avail | Used | Avail | Used | Avail |
+-------------------+------+-------+------+-------+------+-------+------+-------+------+-------+------+-------+------+-------+------+-------+------+-------+------+-------+------+-------+------+-------+------+-------+------+-------+------+-------+
| X0Y0              |    2 |    12 |    0 |     0 |    0 |     0 |    0 |     0 |    0 |     0 |    0 |     0 |    0 |     0 |    0 |     0 |    0 |     0 |    0 |     0 | 3630 |  1100 | 1503 |   400 |    0 |    20 |    3 |    10 |    0 |    20 |
| X1Y0              |    6 |    12 |    1 |     4 |    0 |     2 |    1 |     4 |    0 |     1 |    0 |     1 |    0 |     0 |    0 |     0 |    6 |    50 |    0 |    50 | 3749 |  1100 | 1378 |   350 |    1 |    40 |    6 |    20 |    0 |    20 |
| X0Y1              |    3 |    12 |    0 |     0 |    0 |     0 |    0 |     0 |    0 |     0 |    0 |     0 |    0 |     0 |    0 |     0 |    0 |     0 |    0 |     0 | 3022 |  1100 | 1129 |   400 |    0 |    20 |    0 |    10 |    0 |    20 |
| X1Y1              |    6 |    12 |    1 |     4 |    0 |     2 |    1 |     4 |    1 |     1 |    0 |     1 |    0 |     0 |    0 |     0 |    0 |    50 |    8 |    50 | 3196 |  1100 | 1046 |   350 |    0 |    40 |    3 |    20 |    0 |    20 |
+-------------------+------+-------+------+-------+------+-------+------+-------+------+-------+------+-------+------+-------+------+-------+------+-------+------+-------+------+-------+------+-------+------+-------+------+-------+------+-------+
* Global Clock column represents track count; while other columns represents cell counts


5. Clock Regions : Global Clock Summary
---------------------------------------

All Modules
+----+----+----+
|    | X0 | X1 |
+----+----+----+
| Y1 |  3 |  6 |
| Y0 |  2 |  6 |
+----+----+----+


6. Device Cell Placement Summary for Global Clock g0
----------------------------------------------------

+-----------+-----------------+-------------------+------------+-------------+---------------+-------------+----------+----------------+----------+-----------------------------------------------------+
| Global Id | Driver Type/Pin | Driver Region (D) | Clock      | Period (ns) | Waveform (ns) | Slice Loads | IO Loads | Clocking Loads | GT Loads | Net                                                 |
+-----------+-----------------+-------------------+------------+-------------+---------------+-------------+----------+----------------+----------+-----------------------------------------------------+
| g0        | BUFG/O          | n/a               | clk_fpga_1 |       7.499 | {0.000 3.749} |        6309 |        0 |              0 |        0 | design_1_i/processing_system7_0/inst/FCLK_CLK1_BUFG |
+-----------+-----------------+-------------------+------------+-------------+---------------+-------------+----------+----------------+----------+-----------------------------------------------------+
* Slice Loads column represents load cell count of all cell types other than IO, GT and clock resources
** IO Loads column represents load cell count of IO types
*** Clocking Loads column represents load cell count that are clock resources (global clock buffer, MMCM, PLL, etc)
**** GT Loads column represents load cell count of GT types


+----+-------+-------+-----------------------+
|    | X0    | X1    | HORIZONTAL PROG DELAY |
+----+-------+-------+-----------------------+
| Y1 |    78 |    75 |                     0 |
| Y0 |  3241 |  2915 |                     0 |
+----+-------+-------+-----------------------+


7. Device Cell Placement Summary for Global Clock g1
----------------------------------------------------

+-----------+-----------------+-------------------+------------------------+-------------+---------------+-------------+----------+----------------+----------+--------------------------------------+
| Global Id | Driver Type/Pin | Driver Region (D) | Clock                  | Period (ns) | Waveform (ns) | Slice Loads | IO Loads | Clocking Loads | GT Loads | Net                                  |
+-----------+-----------------+-------------------+------------------------+-------------+---------------+-------------+----------+----------------+----------+--------------------------------------+
| g1        | BUFR/O          | X1Y1              | axi_dynclk_0_PXL_CLK_O |      10.000 | {0.000 4.000} |        2835 |        8 |              0 |        0 | design_1_i/axi_dynclk_0/U0/PXL_CLK_O |
+-----------+-----------------+-------------------+------------------------+-------------+---------------+-------------+----------+----------------+----------+--------------------------------------+
* Slice Loads column represents load cell count of all cell types other than IO, GT and clock resources
** IO Loads column represents load cell count of IO types
*** Clocking Loads column represents load cell count that are clock resources (global clock buffer, MMCM, PLL, etc)
**** GT Loads column represents load cell count of GT types


+----+----+-----------+-----------------------+
|    | X0 | X1        | HORIZONTAL PROG DELAY |
+----+----+-----------+-----------------------+
| Y1 |  0 |  (D) 2843 |                     0 |
| Y0 |  0 |         0 |                     - |
+----+----+-----------+-----------------------+


8. Device Cell Placement Summary for Global Clock g2
----------------------------------------------------

+-----------+-----------------+-------------------+-------+-------------+---------------+-------------+----------+----------------+----------+---------------------------------------------------------+
| Global Id | Driver Type/Pin | Driver Region (D) | Clock | Period (ns) | Waveform (ns) | Slice Loads | IO Loads | Clocking Loads | GT Loads | Net                                                     |
+-----------+-----------------+-------------------+-------+-------------+---------------+-------------+----------+----------------+----------+---------------------------------------------------------+
| g2        | BUFG/O          | n/a               |       |             |               |        2492 |        0 |              0 |        0 | design_1_i/dvi2rgb_0/U0/GenerateBUFG.ResyncToBUFG_X/CLK |
+-----------+-----------------+-------------------+-------+-------------+---------------+-------------+----------+----------------+----------+---------------------------------------------------------+
* Slice Loads column represents load cell count of all cell types other than IO, GT and clock resources
** IO Loads column represents load cell count of IO types
*** Clocking Loads column represents load cell count that are clock resources (global clock buffer, MMCM, PLL, etc)
**** GT Loads column represents load cell count of GT types


+----+-------+------+-----------------------+
|    | X0    | X1   | HORIZONTAL PROG DELAY |
+----+-------+------+-----------------------+
| Y1 |  2219 |   34 |                     0 |
| Y0 |     0 |  239 |                     0 |
+----+-------+------+-----------------------+


9. Device Cell Placement Summary for Global Clock g3
----------------------------------------------------

+-----------+-----------------+-------------------+------------+-------------+---------------+-------------+----------+----------------+----------+------------------------------------------------+
| Global Id | Driver Type/Pin | Driver Region (D) | Clock      | Period (ns) | Waveform (ns) | Slice Loads | IO Loads | Clocking Loads | GT Loads | Net                                            |
+-----------+-----------------+-------------------+------------+-------------+---------------+-------------+----------+----------------+----------+------------------------------------------------+
| g3        | BUFG/O          | n/a               | clk_fpga_0 |      10.000 | {0.000 5.000} |        1902 |        0 |              1 |        0 | design_1_i/processing_system7_0/inst/FCLK_CLK0 |
+-----------+-----------------+-------------------+------------+-------------+---------------+-------------+----------+----------------+----------+------------------------------------------------+
* Slice Loads column represents load cell count of all cell types other than IO, GT and clock resources
** IO Loads column represents load cell count of IO types
*** Clocking Loads column represents load cell count that are clock resources (global clock buffer, MMCM, PLL, etc)
**** GT Loads column represents load cell count of GT types


+----+------+------+-----------------------+
|    | X0   | X1   | HORIZONTAL PROG DELAY |
+----+------+------+-----------------------+
| Y1 |  747 |  208 |                     0 |
| Y0 |  631 |  317 |                     0 |
+----+------+------+-----------------------+


10. Device Cell Placement Summary for Global Clock g4
-----------------------------------------------------

+-----------+-----------------+-------------------+-------+-------------+---------------+-------------+----------+----------------+----------+---------------------------------------------------------+
| Global Id | Driver Type/Pin | Driver Region (D) | Clock | Period (ns) | Waveform (ns) | Slice Loads | IO Loads | Clocking Loads | GT Loads | Net                                                     |
+-----------+-----------------+-------------------+-------+-------------+---------------+-------------+----------+----------------+----------+---------------------------------------------------------+
| g4        | BUFR/O          | X1Y0              |       |             |               |         312 |        6 |              1 |        0 | design_1_i/dvi2rgb_0/U0/TMDS_ClockingX/PixelClkBuffer_0 |
+-----------+-----------------+-------------------+-------+-------------+---------------+-------------+----------+----------------+----------+---------------------------------------------------------+
* Slice Loads column represents load cell count of all cell types other than IO, GT and clock resources
** IO Loads column represents load cell count of IO types
*** Clocking Loads column represents load cell count that are clock resources (global clock buffer, MMCM, PLL, etc)
**** GT Loads column represents load cell count of GT types


+----+----+----------+-----------------------+
|    | X0 | X1       | HORIZONTAL PROG DELAY |
+----+----+----------+-----------------------+
| Y1 |  0 |        0 |                     - |
| Y0 |  0 |  (D) 318 |                     0 |
+----+----+----------+-----------------------+


11. Device Cell Placement Summary for Global Clock g5
-----------------------------------------------------

+-----------+-----------------+-------------------+------------+-------------+---------------+-------------+----------+----------------+----------+-----------------------------------------------------+
| Global Id | Driver Type/Pin | Driver Region (D) | Clock      | Period (ns) | Waveform (ns) | Slice Loads | IO Loads | Clocking Loads | GT Loads | Net                                                 |
+-----------+-----------------+-------------------+------------+-------------+---------------+-------------+----------+----------------+----------+-----------------------------------------------------+
| g5        | BUFG/O          | n/a               | clk_fpga_2 |       5.000 | {0.000 2.500} |         158 |        0 |              0 |        0 | design_1_i/processing_system7_0/inst/FCLK_CLK2_BUFG |
+-----------+-----------------+-------------------+------------+-------------+---------------+-------------+----------+----------------+----------+-----------------------------------------------------+
* Slice Loads column represents load cell count of all cell types other than IO, GT and clock resources
** IO Loads column represents load cell count of IO types
*** Clocking Loads column represents load cell count that are clock resources (global clock buffer, MMCM, PLL, etc)
**** GT Loads column represents load cell count of GT types


+----+----+------+-----------------------+
|    | X0 | X1   | HORIZONTAL PROG DELAY |
+----+----+------+-----------------------+
| Y1 |  0 |   57 |                     0 |
| Y0 |  0 |  101 |                     0 |
+----+----+------+-----------------------+


12. Clock Region Cell Placement per Global Clock: Region X0Y0
-------------------------------------------------------------

+-----------+-------+-----------------+------------+-------------+-----------------+------+-------------+------+-----+----+------+-----+---------+-----------------------------------------------------+
| Global Id | Track | Driver Type/Pin | Constraint | Clock Loads | Non-Clock Loads | FF   | Memory LUTs | RAMB | DSP | GT | MMCM | PLL | Hard IP | Net                                                 |
+-----------+-------+-----------------+------------+-------------+-----------------+------+-------------+------+-----+----+------+-----+---------+-----------------------------------------------------+
| g0        | n/a   | BUFG/O          | None       |        3241 |               0 | 3052 |         184 |    3 |   0 |  0 |    0 |   0 |       0 | design_1_i/processing_system7_0/inst/FCLK_CLK1_BUFG |
| g3        | n/a   | BUFG/O          | None       |         631 |               0 |  578 |          53 |    0 |   0 |  0 |    0 |   0 |       0 | design_1_i/processing_system7_0/inst/FCLK_CLK0      |
+-----------+-------+-----------------+------------+-------------+-----------------+------+-------------+------+-----+----+------+-----+---------+-----------------------------------------------------+
* Clock Loads column represents the clock pin loads (pin count)
** Non-Clock Loads column represents the non-clock pin loads (pin count)
*** Columns FF, LUTRAM, RAMB through 'Hard IP' represents load cell counts


13. Clock Region Cell Placement per Global Clock: Region X1Y0
-------------------------------------------------------------

+-----------+-------+-----------------+------------+-------------+-----------------+------+-------------+------+-----+----+------+-----+---------+---------------------------------------------------------+
| Global Id | Track | Driver Type/Pin | Constraint | Clock Loads | Non-Clock Loads | FF   | Memory LUTs | RAMB | DSP | GT | MMCM | PLL | Hard IP | Net                                                     |
+-----------+-------+-----------------+------------+-------------+-----------------+------+-------------+------+-----+----+------+-----+---------+---------------------------------------------------------+
| g0        | n/a   | BUFG/O          | None       |        2915 |               0 | 2787 |         120 |    7 |   0 |  0 |    0 |   0 |       0 | design_1_i/processing_system7_0/inst/FCLK_CLK1_BUFG     |
| g2        | n/a   | BUFG/O          | None       |         239 |               0 |  236 |           0 |    3 |   0 |  0 |    0 |   0 |       0 | design_1_i/dvi2rgb_0/U0/GenerateBUFG.ResyncToBUFG_X/CLK |
| g3        | n/a   | BUFG/O          | None       |         317 |               0 |  317 |           0 |    0 |   0 |  0 |    0 |   0 |       0 | design_1_i/processing_system7_0/inst/FCLK_CLK0          |
| g4        | n/a   | BUFR/O          | None       |         318 |               0 |  309 |           0 |    0 |   0 |  0 |    0 |   0 |       0 | design_1_i/dvi2rgb_0/U0/TMDS_ClockingX/PixelClkBuffer_0 |
| g5        | n/a   | BUFG/O          | None       |         101 |               0 |  100 |           0 |    0 |   0 |  0 |    0 |   0 |       0 | design_1_i/processing_system7_0/inst/FCLK_CLK2_BUFG     |
+-----------+-------+-----------------+------------+-------------+-----------------+------+-------------+------+-----+----+------+-----+---------+---------------------------------------------------------+
* Clock Loads column represents the clock pin loads (pin count)
** Non-Clock Loads column represents the non-clock pin loads (pin count)
*** Columns FF, LUTRAM, RAMB through 'Hard IP' represents load cell counts


14. Clock Region Cell Placement per Global Clock: Region X0Y1
-------------------------------------------------------------

+-----------+-------+-----------------+------------+-------------+-----------------+------+-------------+------+-----+----+------+-----+---------+---------------------------------------------------------+
| Global Id | Track | Driver Type/Pin | Constraint | Clock Loads | Non-Clock Loads | FF   | Memory LUTs | RAMB | DSP | GT | MMCM | PLL | Hard IP | Net                                                     |
+-----------+-------+-----------------+------------+-------------+-----------------+------+-------------+------+-----+----+------+-----+---------+---------------------------------------------------------+
| g0        | n/a   | BUFG/O          | None       |          78 |               0 |   77 |           0 |    0 |   0 |  0 |    0 |   0 |       0 | design_1_i/processing_system7_0/inst/FCLK_CLK1_BUFG     |
| g2        | n/a   | BUFG/O          | None       |        2219 |               0 | 2214 |           5 |    0 |   0 |  0 |    0 |   0 |       0 | design_1_i/dvi2rgb_0/U0/GenerateBUFG.ResyncToBUFG_X/CLK |
| g3        | n/a   | BUFG/O          | None       |         747 |               0 |  731 |          15 |    0 |   0 |  0 |    0 |   0 |       0 | design_1_i/processing_system7_0/inst/FCLK_CLK0          |
+-----------+-------+-----------------+------------+-------------+-----------------+------+-------------+------+-----+----+------+-----+---------+---------------------------------------------------------+
* Clock Loads column represents the clock pin loads (pin count)
** Non-Clock Loads column represents the non-clock pin loads (pin count)
*** Columns FF, LUTRAM, RAMB through 'Hard IP' represents load cell counts


15. Clock Region Cell Placement per Global Clock: Region X1Y1
-------------------------------------------------------------

+-----------+-------+-----------------+------------+-------------+-----------------+------+-------------+------+-----+----+------+-----+---------+---------------------------------------------------------+
| Global Id | Track | Driver Type/Pin | Constraint | Clock Loads | Non-Clock Loads | FF   | Memory LUTs | RAMB | DSP | GT | MMCM | PLL | Hard IP | Net                                                     |
+-----------+-------+-----------------+------------+-------------+-----------------+------+-------------+------+-----+----+------+-----+---------+---------------------------------------------------------+
| g0        | n/a   | BUFG/O          | None       |          75 |               0 |   72 |           0 |    3 |   0 |  0 |    0 |   0 |       0 | design_1_i/processing_system7_0/inst/FCLK_CLK1_BUFG     |
| g1        | n/a   | BUFR/O          | None       |        2843 |               0 | 2827 |           5 |    3 |   0 |  0 |    0 |   0 |       0 | design_1_i/axi_dynclk_0/U0/PXL_CLK_O                    |
| g2        | n/a   | BUFG/O          | None       |          34 |               0 |   33 |           1 |    0 |   0 |  0 |    0 |   0 |       0 | design_1_i/dvi2rgb_0/U0/GenerateBUFG.ResyncToBUFG_X/CLK |
| g3        | n/a   | BUFG/O          | None       |         208 |               0 |  207 |           0 |    0 |   0 |  0 |    1 |   0 |       0 | design_1_i/processing_system7_0/inst/FCLK_CLK0          |
| g5        | n/a   | BUFG/O          | None       |          57 |               0 |   57 |           0 |    0 |   0 |  0 |    0 |   0 |       0 | design_1_i/processing_system7_0/inst/FCLK_CLK2_BUFG     |
+-----------+-------+-----------------+------------+-------------+-----------------+------+-------------+------+-----+----+------+-----+---------+---------------------------------------------------------+
* Clock Loads column represents the clock pin loads (pin count)
** Non-Clock Loads column represents the non-clock pin loads (pin count)
*** Columns FF, LUTRAM, RAMB through 'Hard IP' represents load cell counts



# Location of BUFG Primitives 
set_property LOC BUFGCTRL_X0Y2 [get_cells design_1_i/processing_system7_0/inst/FCLK_CLK2_BUFG_inst]
set_property LOC BUFGCTRL_X0Y0 [get_cells design_1_i/processing_system7_0/inst/FCLK_CLK1_BUFG_inst]
set_property LOC BUFGCTRL_X0Y1 [get_cells design_1_i/processing_system7_0/inst/buffer_fclk_clk_0.FCLK_CLK_0_BUFG]
set_property LOC BUFGCTRL_X0Y3 [get_cells design_1_i/dvi2rgb_0/U0/GenerateBUFG.ResyncToBUFG_X/InstBUFG]

# Location of BUFIO Primitives 
set_property LOC BUFIO_X0Y2 [get_cells design_1_i/dvi2rgb_0/U0/TMDS_ClockingX/SerialClkBuffer]
set_property LOC BUFIO_X0Y5 [get_cells design_1_i/axi_dynclk_0/U0/BUFIO_inst]

# Location of BUFR Primitives 
set_property LOC BUFR_X0Y1 [get_cells design_1_i/dvi2rgb_0/U0/TMDS_ClockingX/PixelClkBuffer]
set_property LOC BUFR_X0Y5 [get_cells design_1_i/axi_dynclk_0/U0/BUFR_inst]

# Location of IO Primitives which is load of clock spine

# Location of clock ports
set_property LOC IOB_X0Y25 [get_ports hdmi_in_clk_n]
set_property LOC IOB_X0Y26 [get_ports hdmi_in_clk_p]

# Clock net "design_1_i/processing_system7_0/inst/FCLK_CLK2_BUFG" driven by instance "design_1_i/processing_system7_0/inst/FCLK_CLK2_BUFG_inst" located at site "BUFGCTRL_X0Y2"
#startgroup
create_pblock {CLKAG_design_1_i/processing_system7_0/inst/FCLK_CLK2_BUFG}
add_cells_to_pblock [get_pblocks  {CLKAG_design_1_i/processing_system7_0/inst/FCLK_CLK2_BUFG}] [get_cells -filter { PRIMITIVE_GROUP != I/O && IS_PRIMITIVE==1 && PRIMITIVE_LEVEL !=INTERNAL } -of_object [get_pins -filter {DIRECTION==IN} -of_objects [get_nets -hierarchical -filter {PARENT=="design_1_i/processing_system7_0/inst/FCLK_CLK2_BUFG"}]]]
resize_pblock [get_pblocks {CLKAG_design_1_i/processing_system7_0/inst/FCLK_CLK2_BUFG}] -add {CLOCKREGION_X1Y0:CLOCKREGION_X1Y0 CLOCKREGION_X1Y1:CLOCKREGION_X1Y1}
#endgroup

# Clock net "design_1_i/processing_system7_0/inst/FCLK_CLK1_BUFG" driven by instance "design_1_i/processing_system7_0/inst/FCLK_CLK1_BUFG_inst" located at site "BUFGCTRL_X0Y0"
#startgroup
create_pblock {CLKAG_design_1_i/processing_system7_0/inst/FCLK_CLK1_BUFG}
add_cells_to_pblock [get_pblocks  {CLKAG_design_1_i/processing_system7_0/inst/FCLK_CLK1_BUFG}] [get_cells -filter { PRIMITIVE_GROUP != I/O && IS_PRIMITIVE==1 && PRIMITIVE_LEVEL !=INTERNAL } -of_object [get_pins -filter {DIRECTION==IN} -of_objects [get_nets -hierarchical -filter {PARENT=="design_1_i/processing_system7_0/inst/FCLK_CLK1_BUFG"}]]]
resize_pblock [get_pblocks {CLKAG_design_1_i/processing_system7_0/inst/FCLK_CLK1_BUFG}] -add {CLOCKREGION_X0Y0:CLOCKREGION_X0Y0 CLOCKREGION_X0Y1:CLOCKREGION_X0Y1 CLOCKREGION_X1Y0:CLOCKREGION_X1Y0 CLOCKREGION_X1Y1:CLOCKREGION_X1Y1}
#endgroup

# Clock net "design_1_i/processing_system7_0/inst/FCLK_CLK0" driven by instance "design_1_i/processing_system7_0/inst/buffer_fclk_clk_0.FCLK_CLK_0_BUFG" located at site "BUFGCTRL_X0Y1"
#startgroup
create_pblock {CLKAG_design_1_i/processing_system7_0/inst/FCLK_CLK0}
add_cells_to_pblock [get_pblocks  {CLKAG_design_1_i/processing_system7_0/inst/FCLK_CLK0}] [get_cells -filter { PRIMITIVE_GROUP != I/O && IS_PRIMITIVE==1 && PRIMITIVE_LEVEL !=INTERNAL && NAME!=design_1_i/axi_dynclk_0/U0/Inst_mmcme2_drp/mmcm_adv_inst} -of_object [get_pins -filter {DIRECTION==IN} -of_objects [get_nets -hierarchical -filter {PARENT=="design_1_i/processing_system7_0/inst/FCLK_CLK0"}]]]
resize_pblock [get_pblocks {CLKAG_design_1_i/processing_system7_0/inst/FCLK_CLK0}] -add {CLOCKREGION_X0Y0:CLOCKREGION_X0Y0 CLOCKREGION_X0Y1:CLOCKREGION_X0Y1 CLOCKREGION_X1Y0:CLOCKREGION_X1Y0 CLOCKREGION_X1Y1:CLOCKREGION_X1Y1}
#endgroup

# Clock net "design_1_i/dvi2rgb_0/U0/TMDS_ClockingX/PixelClkBuffer_0" driven by instance "design_1_i/dvi2rgb_0/U0/TMDS_ClockingX/PixelClkBuffer" located at site "BUFR_X0Y1"
#startgroup
create_pblock {CLKAG_design_1_i/dvi2rgb_0/U0/TMDS_ClockingX/PixelClkBuffer_0}
add_cells_to_pblock [get_pblocks  {CLKAG_design_1_i/dvi2rgb_0/U0/TMDS_ClockingX/PixelClkBuffer_0}] [get_cells -filter { PRIMITIVE_GROUP != I/O && IS_PRIMITIVE==1 && PRIMITIVE_LEVEL !=INTERNAL && NAME!=design_1_i/dvi2rgb_0/U0/GenerateBUFG.ResyncToBUFG_X/InstBUFG} -of_object [get_pins -filter {DIRECTION==IN} -of_objects [get_nets -hierarchical -filter {PARENT=="design_1_i/dvi2rgb_0/U0/TMDS_ClockingX/PixelClkBuffer_0"}]]]
resize_pblock [get_pblocks {CLKAG_design_1_i/dvi2rgb_0/U0/TMDS_ClockingX/PixelClkBuffer_0}] -add {CLOCKREGION_X1Y0:CLOCKREGION_X1Y0}
#endgroup

# Clock net "design_1_i/dvi2rgb_0/U0/GenerateBUFG.ResyncToBUFG_X/CLK" driven by instance "design_1_i/dvi2rgb_0/U0/GenerateBUFG.ResyncToBUFG_X/InstBUFG" located at site "BUFGCTRL_X0Y3"
#startgroup
create_pblock {CLKAG_design_1_i/dvi2rgb_0/U0/GenerateBUFG.ResyncToBUFG_X/CLK}
add_cells_to_pblock [get_pblocks  {CLKAG_design_1_i/dvi2rgb_0/U0/GenerateBUFG.ResyncToBUFG_X/CLK}] [get_cells -filter { PRIMITIVE_GROUP != I/O && IS_PRIMITIVE==1 && PRIMITIVE_LEVEL !=INTERNAL } -of_object [get_pins -filter {DIRECTION==IN} -of_objects [get_nets -hierarchical -filter {PARENT=="design_1_i/dvi2rgb_0/U0/GenerateBUFG.ResyncToBUFG_X/CLK"}]]]
resize_pblock [get_pblocks {CLKAG_design_1_i/dvi2rgb_0/U0/GenerateBUFG.ResyncToBUFG_X/CLK}] -add {CLOCKREGION_X0Y1:CLOCKREGION_X0Y1 CLOCKREGION_X1Y0:CLOCKREGION_X1Y0 CLOCKREGION_X1Y1:CLOCKREGION_X1Y1}
#endgroup

# Clock net "design_1_i/axi_dynclk_0/U0/PXL_CLK_O" driven by instance "design_1_i/axi_dynclk_0/U0/BUFR_inst" located at site "BUFR_X0Y5"
#startgroup
create_pblock {CLKAG_design_1_i/axi_dynclk_0/U0/PXL_CLK_O}
add_cells_to_pblock [get_pblocks  {CLKAG_design_1_i/axi_dynclk_0/U0/PXL_CLK_O}] [get_cells -filter { PRIMITIVE_GROUP != I/O && IS_PRIMITIVE==1 && PRIMITIVE_LEVEL !=INTERNAL } -of_object [get_pins -filter {DIRECTION==IN} -of_objects [get_nets -hierarchical -filter {PARENT=="design_1_i/axi_dynclk_0/U0/PXL_CLK_O"}]]]
resize_pblock [get_pblocks {CLKAG_design_1_i/axi_dynclk_0/U0/PXL_CLK_O}] -add {CLOCKREGION_X1Y1:CLOCKREGION_X1Y1}
#endgroup
