Copyright 1986-2021 Xilinx, Inc. All Rights Reserved.
----------------------------------------------------------------------------------------------------------------------------------------------------------------------
| Tool Version     : Vivado v.2021.2.1 (win64) Build 3414424 Sun Dec 19 10:57:22 MST 2021
| Date             : Wed May 11 11:42:29 2022
| Host             : SC_PC running 64-bit major release  (build 9200)
| Command          : report_power -file design_1_wrapper_power_routed.rpt -pb design_1_wrapper_power_summary_routed.pb -rpx design_1_wrapper_power_routed.rpx
| Design           : design_1_wrapper
| Device           : xc7z010clg400-1
| Design State     : routed
| Grade            : commercial
| Process          : typical
| Characterization : Production
----------------------------------------------------------------------------------------------------------------------------------------------------------------------

Power Report

Table of Contents
-----------------
1. Summary
1.1 On-Chip Components
1.2 Power Supply Summary
1.3 Confidence Level
2. Settings
2.1 Environment
2.2 Clock Constraints
3. Detailed Reports
3.1 By Hierarchy

1. Summary
----------

+--------------------------+--------------+
| Total On-Chip Power (W)  | 1.988        |
| Design Power Budget (W)  | Unspecified* |
| Power Budget Margin (W)  | NA           |
| Dynamic (W)              | 1.858        |
| Device Static (W)        | 0.131        |
| Effective TJA (C/W)      | 11.5         |
| Max Ambient (C)          | 62.1         |
| Junction Temperature (C) | 47.9         |
| Confidence Level         | Low          |
| Setting File             | ---          |
| Simulation Activity File | ---          |
| Design Nets Matched      | NA           |
+--------------------------+--------------+
* Specify Design Power Budget using, set_operating_conditions -design_power_budget <value in Watts>


1.1 On-Chip Components
----------------------

+--------------------------+-----------+----------+-----------+-----------------+
| On-Chip                  | Power (W) | Used     | Available | Utilization (%) |
+--------------------------+-----------+----------+-----------+-----------------+
| Clocks                   |     0.047 |        8 |       --- |             --- |
| Slice Logic              |     0.018 |    24271 |       --- |             --- |
|   LUT as Logic           |     0.014 |     7179 |     17600 |           40.79 |
|   Register               |     0.002 |    13597 |     35200 |           38.63 |
|   CARRY4                 |     0.002 |      357 |      4400 |            8.11 |
|   F7/F8 Muxes            |    <0.001 |      319 |     17600 |            1.81 |
|   BUFG                   |    <0.001 |        2 |        32 |            6.25 |
|   LUT as Distributed RAM |    <0.001 |       42 |      6000 |            0.70 |
|   Others                 |    <0.001 |      831 |       --- |             --- |
|   LUT as Shift Register  |    <0.001 |      249 |      6000 |            4.15 |
|   BUFR                   |     0.000 |        1 |        56 |            1.79 |
| Signals                  |     0.024 |    17615 |       --- |             --- |
| Block RAM                |     0.010 |       14 |        60 |           23.33 |
| MMCM                     |     0.176 |        2 |         2 |          100.00 |
| I/O                      |     0.173 |       21 |       100 |           21.00 |
| PS7                      |     1.411 |        1 |       --- |             --- |
| Static Power             |     0.131 |          |           |                 |
| Total                    |     1.988 |          |           |                 |
+--------------------------+-----------+----------+-----------+-----------------+


1.2 Power Supply Summary
------------------------

+-----------+-------------+-----------+-------------+------------+-------------+-------------+------------+
| Source    | Voltage (V) | Total (A) | Dynamic (A) | Static (A) | Powerup (A) | Budget (A)  | Margin (A) |
+-----------+-------------+-----------+-------------+------------+-------------+-------------+------------+
| Vccint    |       1.000 |     0.112 |       0.104 |      0.009 |       NA    | Unspecified | NA         |
| Vccaux    |       1.800 |     0.123 |       0.114 |      0.009 |       NA    | Unspecified | NA         |
| Vcco33    |       3.300 |     0.043 |       0.042 |      0.001 |       NA    | Unspecified | NA         |
| Vcco25    |       2.500 |     0.000 |       0.000 |      0.000 |       NA    | Unspecified | NA         |
| Vcco18    |       1.800 |     0.000 |       0.000 |      0.000 |       NA    | Unspecified | NA         |
| Vcco15    |       1.500 |     0.000 |       0.000 |      0.000 |       NA    | Unspecified | NA         |
| Vcco135   |       1.350 |     0.000 |       0.000 |      0.000 |       NA    | Unspecified | NA         |
| Vcco12    |       1.200 |     0.000 |       0.000 |      0.000 |       NA    | Unspecified | NA         |
| Vccaux_io |       1.800 |     0.000 |       0.000 |      0.000 |       NA    | Unspecified | NA         |
| Vccbram   |       1.000 |     0.002 |       0.001 |      0.001 |       NA    | Unspecified | NA         |
| MGTAVcc   |       1.000 |     0.000 |       0.000 |      0.000 |       NA    | Unspecified | NA         |
| MGTAVtt   |       1.200 |     0.000 |       0.000 |      0.000 |       NA    | Unspecified | NA         |
| MGTVccaux |       1.800 |     0.000 |       0.000 |      0.000 |       NA    | Unspecified | NA         |
| Vccpint   |       1.000 |     0.763 |       0.729 |      0.034 |       NA    | Unspecified | NA         |
| Vccpaux   |       1.800 |     0.061 |       0.051 |      0.010 |       NA    | Unspecified | NA         |
| Vccpll    |       1.800 |     0.018 |       0.015 |      0.003 |       NA    | Unspecified | NA         |
| Vcco_ddr  |       1.350 |     0.413 |       0.411 |      0.002 |       NA    | Unspecified | NA         |
| Vcco_mio0 |       3.300 |     0.003 |       0.002 |      0.001 |       NA    | Unspecified | NA         |
| Vcco_mio1 |       1.800 |     0.002 |       0.001 |      0.001 |       NA    | Unspecified | NA         |
| Vccadc    |       1.800 |     0.020 |       0.000 |      0.020 |       NA    | Unspecified | NA         |
+-----------+-------------+-----------+-------------+------------+-------------+-------------+------------+


1.3 Confidence Level
--------------------

+-----------------------------+------------+--------------------------------------------------------+--------------------------------------------------------------------------------------------------------------------+
| User Input Data             | Confidence | Details                                                | Action                                                                                                             |
+-----------------------------+------------+--------------------------------------------------------+--------------------------------------------------------------------------------------------------------------------+
| Design implementation state | High       | Design is routed                                       |                                                                                                                    |
| Clock nodes activity        | Medium     | More than 5% of clocks are missing user specification  | Provide missing clock activity with a constraint file, simulation results or by editing the "By Clock Domain" view |
| I/O nodes activity          | Low        | More than 75% of inputs are missing user specification | Provide missing input activity with simulation results or by editing the "By Resource Type -> I/Os" view           |
| Internal nodes activity     | Medium     | User specified less than 25% of internal nodes         | Provide missing internal nodes activity with simulation results or by editing the "By Resource Type" views         |
| Device models               | High       | Device models are Production                           |                                                                                                                    |
|                             |            |                                                        |                                                                                                                    |
| Overall confidence level    | Low        |                                                        |                                                                                                                    |
+-----------------------------+------------+--------------------------------------------------------+--------------------------------------------------------------------------------------------------------------------+


2. Settings
-----------

2.1 Environment
---------------

+-----------------------+------------------------+
| Ambient Temp (C)      | 25.0                   |
| ThetaJA (C/W)         | 11.5                   |
| Airflow (LFM)         | 250                    |
| Heat Sink             | none                   |
| ThetaSA (C/W)         | 0.0                    |
| Board Selection       | medium (10"x10")       |
| # of Board Layers     | 8to11 (8 to 11 Layers) |
| Board Temperature (C) | 25.0                   |
+-----------------------+------------------------+


2.2 Clock Constraints
---------------------

+------------------------+-------------------------------------------------------------+-----------------+
| Clock                  | Domain                                                      | Constraint (ns) |
+------------------------+-------------------------------------------------------------+-----------------+
| I                      | design_1_i/axi_dynclk_0/U0/Inst_mmcme2_drp/I                |             2.0 |
| axi_dynclk_0_PXL_CLK_O | design_1_i/axi_dynclk_0/U0/PXL_CLK_O                        |            10.0 |
| clk_fpga_0             | design_1_i/processing_system7_0/inst/FCLK_CLK_unbuffered[0] |            10.0 |
| clk_fpga_1             | design_1_i/processing_system7_0/inst/FCLK_CLK1              |             7.5 |
| clk_fpga_2             | design_1_i/processing_system7_0/inst/FCLK_CLK2              |             5.0 |
| mmcm_fbclk_out         | design_1_i/axi_dynclk_0/U0/Inst_mmcme2_drp/mmcm_fbclk_out   |            10.0 |
+------------------------+-------------------------------------------------------------+-----------------+


3. Detailed Reports
-------------------

3.1 By Hierarchy
----------------

+--------------------------+-----------+
| Name                     | Power (W) |
+--------------------------+-----------+
| design_1_wrapper         |     1.857 |
|   design_1_i             |     1.850 |
|     axi_dynclk_0         |     0.110 |
|       U0                 |     0.110 |
|     axi_mem_intercon     |     0.006 |
|       m00_couplers       |     0.004 |
|       xbar               |     0.001 |
|     axi_vdma_0           |     0.029 |
|       U0                 |     0.029 |
|     dvi2rgb_0            |     0.115 |
|       U0                 |     0.115 |
|     processing_system7_0 |     1.412 |
|       inst               |     1.412 |
|     ps7_0_axi_periph     |     0.005 |
|       s00_couplers       |     0.004 |
|     rgb2dvi_0            |     0.134 |
|       U0                 |     0.134 |
|     v_axi4s_vid_out_0    |     0.006 |
|       inst               |     0.006 |
|     v_tc_0               |     0.013 |
|       U0                 |     0.013 |
|     v_tc_1               |     0.014 |
|       U0                 |     0.014 |
|     v_vid_in_axi4s_0     |     0.005 |
|       inst               |     0.005 |
|   hdmi_out_ddc_scl_iobuf |     0.004 |
|   hdmi_out_ddc_sda_iobuf |     0.004 |
+--------------------------+-----------+


